DEPRECATION WARNING: config.action_view.debug_rjs will be removed in 3.1, from 3.1 onwards you will need to install prototype-rails to continue to use RJS templates . (called from <top (required)> at /home/rynnon/workspace-ruby/sleepdata/config/environment.rb:5)
DEPRECATION WARNING: config.action_view.debug_rjs will be removed in 3.1, from 3.1 onwards you will need to install prototype-rails to continue to use RJS templates . (called from <top (required)> at /home/rynnon/workspace-ruby/sleepdata/config/environment.rb:5)
DEPRECATION WARNING: config.action_view.debug_rjs will be removed in 3.1, from 3.1 onwards you will need to install prototype-rails to continue to use RJS templates . (called from <top (required)> at /home/rynnon/workspace-ruby/sleepdata/config/environment.rb:5)


Started GET "/sleepdata" for 127.0.0.1 at 2016-06-02 20:59:13 +0200
  Processing by SleepdataController#index as HTML
  [1m[36mSleepdatum Load (0.4ms)[0m  [1mSELECT "sleepdata".* FROM "sleepdata"[0m
SQLite3::SQLException: no such table: sleepdata: SELECT "sleepdata".* FROM "sleepdata"
Completed 500 Internal Server Error in 3ms

ActiveRecord::StatementInvalid (SQLite3::SQLException: no such table: sleepdata: SELECT "sleepdata".* FROM "sleepdata"):
  app/controllers/sleepdata_controller.rb:5:in `index'

Rendered /home/rynnon/.rvm/gems/ruby-1.9.3-p551/gems/actionpack-3.0.20/lib/action_dispatch/middleware/templates/rescues/_trace.erb (1.4ms)
Rendered /home/rynnon/.rvm/gems/ruby-1.9.3-p551/gems/actionpack-3.0.20/lib/action_dispatch/middleware/templates/rescues/_request_and_response.erb (3.9ms)
Rendered /home/rynnon/.rvm/gems/ruby-1.9.3-p551/gems/actionpack-3.0.20/lib/action_dispatch/middleware/templates/rescues/diagnostics.erb within rescues/layout (10.7ms)
DEPRECATION WARNING: config.action_view.debug_rjs will be removed in 3.1, from 3.1 onwards you will need to install prototype-rails to continue to use RJS templates . (called from <top (required)> at /home/rynnon/workspace-ruby/sleepdata/config/environment.rb:5)
  [1m[36mSQL (0.3ms)[0m  [1m SELECT name
 FROM sqlite_master
 WHERE type = 'table' AND NOT name = 'sqlite_sequence'
[0m
  [1m[35mSQL (0.1ms)[0m  select sqlite_version(*)
  [1m[36mSQL (123.1ms)[0m  [1mCREATE TABLE "schema_migrations" ("version" varchar(255) NOT NULL) [0m
  [1m[35mSQL (0.1ms)[0m  PRAGMA index_list("schema_migrations")
  [1m[36mSQL (117.0ms)[0m  [1mCREATE UNIQUE INDEX "unique_schema_migrations" ON "schema_migrations" ("version")[0m
  [1m[35mSQL (0.2ms)[0m   SELECT name
 FROM sqlite_master
 WHERE type = 'table' AND NOT name = 'sqlite_sequence'
  [1m[36mSQL (0.2ms)[0m  [1m SELECT name
 FROM sqlite_master
 WHERE type = 'table' AND NOT name = 'sqlite_sequence'
[0m
  [1m[35mSQL (0.1ms)[0m  SELECT "schema_migrations"."version" FROM "schema_migrations"
Migrating to CreateSleepdata (20160602185643)
  [1m[36mSQL (0.6ms)[0m  [1mCREATE TABLE "sleepdata" ("id" INTEGER PRIMARY KEY AUTOINCREMENT NOT NULL, "timestamp" varchar(255), "status" varchar(255), "created_at" datetime, "updated_at" datetime) [0m
  [1m[35mSQL (0.1ms)[0m  INSERT INTO "schema_migrations" ("version") VALUES ('20160602185643')
  [1m[36mSQL (0.3ms)[0m  [1mselect sqlite_version(*)[0m
  [1m[35mSQL (0.1ms)[0m   SELECT name
 FROM sqlite_master
 WHERE type = 'table' AND NOT name = 'sqlite_sequence'
  [1m[36mSQL (0.1ms)[0m  [1mSELECT "schema_migrations"."version" FROM "schema_migrations"[0m
  [1m[35mSQL (0.1ms)[0m   SELECT name
 FROM sqlite_master
 WHERE type = 'table' AND NOT name = 'sqlite_sequence'
  [1m[36mSQL (0.1ms)[0m  [1mPRAGMA index_list("sleepdata")[0m


Started GET "/sleepdata" for 127.0.0.1 at 2016-06-02 20:59:48 +0200
  Processing by SleepdataController#index as HTML
  [1m[35mSleepdatum Load (0.4ms)[0m  SELECT "sleepdata".* FROM "sleepdata"
Rendered sleepdata/index.html.erb within layouts/application (20.7ms)
Completed 200 OK in 27ms (Views: 24.5ms | ActiveRecord: 0.4ms)


Started GET "/sleepdata/new" for 127.0.0.1 at 2016-06-02 21:00:03 +0200
  Processing by SleepdataController#new as HTML
Rendered sleepdata/_form.html.erb (13.9ms)
Rendered sleepdata/new.html.erb within layouts/application (18.1ms)
Completed 200 OK in 27ms (Views: 21.7ms | ActiveRecord: 0.0ms)


Started POST "/sleepdata" for 127.0.0.1 at 2016-06-02 21:00:29 +0200
  Processing by SleepdataController#create as HTML
  Parameters: {"utf8"=>"✓", "authenticity_token"=>"GdvcWipQOp+HmwsLP6rNUYff5QQDTvXN1zvhbi3bKPE=", "sleepdatum"=>{"timestamp"=>"2016-06-02 21:00:05", "status"=>"noch wach"}, "commit"=>"Create Sleepdatum"}
  [1m[36mSQL (0.2ms)[0m  [1m SELECT name
 FROM sqlite_master
 WHERE type = 'table' AND NOT name = 'sqlite_sequence'
[0m
  [1m[35mAREL (0.4ms)[0m  INSERT INTO "sleepdata" ("timestamp", "status", "created_at", "updated_at") VALUES ('2016-06-02 21:00:05', 'noch wach', '2016-06-02 19:00:29.461754', '2016-06-02 19:00:29.461754')
Redirected to http://localhost:3000/sleepdata/1
Completed 302 Found in 215ms


Started GET "/sleepdata/1" for 127.0.0.1 at 2016-06-02 21:00:29 +0200
  Processing by SleepdataController#show as HTML
  Parameters: {"id"=>"1"}
  [1m[36mSleepdatum Load (0.2ms)[0m  [1mSELECT "sleepdata".* FROM "sleepdata" WHERE "sleepdata"."id" = 1 LIMIT 1[0m
Rendered sleepdata/show.html.erb within layouts/application (30.5ms)
Completed 200 OK in 40ms (Views: 34.2ms | ActiveRecord: 0.2ms)


Started GET "/sleepdata" for 127.0.0.1 at 2016-06-02 21:00:33 +0200
  Processing by SleepdataController#index as HTML
  [1m[35mSleepdatum Load (0.4ms)[0m  SELECT "sleepdata".* FROM "sleepdata"
Rendered sleepdata/index.html.erb within layouts/application (12.5ms)
Completed 200 OK in 19ms (Views: 16.0ms | ActiveRecord: 0.4ms)
DEPRECATION WARNING: config.action_view.debug_rjs will be removed in 3.1, from 3.1 onwards you will need to install prototype-rails to continue to use RJS templates . (called from <top (required)> at /home/rynnon/workspace-ruby/sleepdata/config/environment.rb:5)
DEPRECATION WARNING: config.action_view.debug_rjs will be removed in 3.1, from 3.1 onwards you will need to install prototype-rails to continue to use RJS templates . (called from <top (required)> at /home/rynnon/workspace-ruby/sleepdata/config/environment.rb:5)
  [1m[36mSQL (0.4ms)[0m  [1m SELECT name
 FROM sqlite_master
 WHERE type = 'table' AND NOT name = 'sqlite_sequence'
[0m
  [1m[35mSQL (0.1ms)[0m   SELECT name
 FROM sqlite_master
 WHERE type = 'table' AND NOT name = 'sqlite_sequence'
  [1m[36mSQL (0.1ms)[0m  [1mSELECT "schema_migrations"."version" FROM "schema_migrations"[0m
Migrating to CreateSleepdata (20160602185643)
Migrating to CreateRawData (20160602192809)
  [1m[35mSQL (0.1ms)[0m  select sqlite_version(*)
  [1m[36mSQL (0.4ms)[0m  [1mCREATE TABLE "raw_data" ("id" INTEGER PRIMARY KEY AUTOINCREMENT NOT NULL, "timestamp" text, "status" varchar(255), "created_at" datetime, "updated_at" datetime) [0m
  [1m[35mSQL (0.1ms)[0m  INSERT INTO "schema_migrations" ("version") VALUES ('20160602192809')
  [1m[36mSQL (0.4ms)[0m  [1mselect sqlite_version(*)[0m
  [1m[35mSQL (0.2ms)[0m   SELECT name
 FROM sqlite_master
 WHERE type = 'table' AND NOT name = 'sqlite_sequence'
  [1m[36mSQL (0.2ms)[0m  [1mSELECT "schema_migrations"."version" FROM "schema_migrations"[0m
  [1m[35mSQL (0.2ms)[0m   SELECT name
 FROM sqlite_master
 WHERE type = 'table' AND NOT name = 'sqlite_sequence'
  [1m[36mSQL (0.1ms)[0m  [1mPRAGMA index_list("raw_data")[0m
  [1m[35mSQL (0.1ms)[0m  PRAGMA index_list("sleepdata")
DEPRECATION WARNING: config.action_view.debug_rjs will be removed in 3.1, from 3.1 onwards you will need to install prototype-rails to continue to use RJS templates . (called from <top (required)> at /home/rynnon/workspace-ruby/sleepdata/config/environment.rb:5)
DEPRECATION WARNING: config.action_view.debug_rjs will be removed in 3.1, from 3.1 onwards you will need to install prototype-rails to continue to use RJS templates . (called from <top (required)> at /home/rynnon/workspace-ruby/sleepdata/config/environment.rb:5)
DEPRECATION WARNING: config.action_view.debug_rjs will be removed in 3.1, from 3.1 onwards you will need to install prototype-rails to continue to use RJS templates . (called from <top (required)> at /home/rynnon/workspace-ruby/sleepdata/config/environment.rb:5)
  [1m[36mSQL (0.6ms)[0m  [1m SELECT name
 FROM sqlite_master
 WHERE type = 'table' AND NOT name = 'sqlite_sequence'
[0m
  [1m[35mSQL (0.2ms)[0m   SELECT name
 FROM sqlite_master
 WHERE type = 'table' AND NOT name = 'sqlite_sequence'
  [1m[36mSQL (0.2ms)[0m  [1mSELECT "schema_migrations"."version" FROM "schema_migrations"[0m
Migrating to CreateSleepdata (20160602185643)
Migrating to CreateRawData (20160602192809)
Migrating to DropTableSleepdata (20160602193328)
  [1m[35mSQL (0.1ms)[0m  select sqlite_version(*)
  [1m[36mSQL (0.3ms)[0m  [1mINSERT INTO "schema_migrations" ("version") VALUES ('20160602193328')[0m
  [1m[35mSQL (0.4ms)[0m  select sqlite_version(*)
  [1m[36mSQL (0.1ms)[0m  [1m SELECT name
 FROM sqlite_master
 WHERE type = 'table' AND NOT name = 'sqlite_sequence'
[0m
  [1m[35mSQL (0.1ms)[0m  SELECT "schema_migrations"."version" FROM "schema_migrations"
  [1m[36mSQL (0.1ms)[0m  [1m SELECT name
 FROM sqlite_master
 WHERE type = 'table' AND NOT name = 'sqlite_sequence'
[0m
  [1m[35mSQL (0.1ms)[0m  PRAGMA index_list("raw_data")
  [1m[36mSQL (0.1ms)[0m  [1mPRAGMA index_list("sleepdata")[0m


Started GET "/sleepdata" for 127.0.0.1 at 2016-06-02 21:34:20 +0200
  Processing by SleepdataController#index as HTML
  [1m[36mSleepdatum Load (0.4ms)[0m  [1mSELECT "sleepdata".* FROM "sleepdata"[0m
Rendered sleepdata/index.html.erb within layouts/application (12.4ms)
Completed 200 OK in 19ms (Views: 16.0ms | ActiveRecord: 0.4ms)


Started GET "/raw_data" for 127.0.0.1 at 2016-06-02 21:34:29 +0200
  Processing by RawDataController#index as HTML
  [1m[35mRawDatum Load (0.4ms)[0m  SELECT "raw_data".* FROM "raw_data"
Rendered raw_data/index.html.erb within layouts/application (4.3ms)
Completed 200 OK in 11ms (Views: 8.1ms | ActiveRecord: 0.4ms)


Started GET "/sleepdata" for 127.0.0.1 at 2016-06-02 21:34:34 +0200
  Processing by SleepdataController#index as HTML
  [1m[36mSleepdatum Load (0.6ms)[0m  [1mSELECT "sleepdata".* FROM "sleepdata"[0m
Rendered sleepdata/index.html.erb within layouts/application (12.5ms)
Completed 200 OK in 45ms (Views: 40.7ms | ActiveRecord: 0.6ms)
DEPRECATION WARNING: config.action_view.debug_rjs will be removed in 3.1, from 3.1 onwards you will need to install prototype-rails to continue to use RJS templates . (called from <top (required)> at /home/rynnon/workspace-ruby/sleepdata/config/environment.rb:5)


Started GET "/sleepdata" for 127.0.0.1 at 2016-06-02 21:34:43 +0200
  Processing by SleepdataController#index as HTML
  [1m[36mSleepdatum Load (0.6ms)[0m  [1mSELECT "sleepdata".* FROM "sleepdata"[0m
Rendered sleepdata/index.html.erb within layouts/application (19.8ms)
Completed 200 OK in 30ms (Views: 25.3ms | ActiveRecord: 0.6ms)


Started GET "/sleepdata" for 127.0.0.1 at 2016-06-02 21:34:46 +0200
  Processing by SleepdataController#index as HTML
  [1m[35mSleepdatum Load (0.4ms)[0m  SELECT "sleepdata".* FROM "sleepdata"
Rendered sleepdata/index.html.erb within layouts/application (12.2ms)
Completed 200 OK in 19ms (Views: 15.8ms | ActiveRecord: 0.4ms)


Started GET "/sleepdata" for 127.0.0.1 at 2016-06-02 21:39:54 +0200
  Processing by SleepdataController#index as HTML
  [1m[36mSleepdatum Load (0.5ms)[0m  [1mSELECT "sleepdata".* FROM "sleepdata"[0m
SQLite3::SQLException: no such table: sleepdata: SELECT "sleepdata".* FROM "sleepdata"
Completed 500 Internal Server Error in 3ms

ActiveRecord::StatementInvalid (SQLite3::SQLException: no such table: sleepdata: SELECT "sleepdata".* FROM "sleepdata"):
  app/controllers/sleepdata_controller.rb:5:in `index'

Rendered /home/rynnon/.rvm/gems/ruby-1.9.3-p551/gems/actionpack-3.0.20/lib/action_dispatch/middleware/templates/rescues/_trace.erb (1.5ms)
Rendered /home/rynnon/.rvm/gems/ruby-1.9.3-p551/gems/actionpack-3.0.20/lib/action_dispatch/middleware/templates/rescues/_request_and_response.erb (3.4ms)
Rendered /home/rynnon/.rvm/gems/ruby-1.9.3-p551/gems/actionpack-3.0.20/lib/action_dispatch/middleware/templates/rescues/diagnostics.erb within rescues/layout (8.7ms)
DEPRECATION WARNING: config.action_view.debug_rjs will be removed in 3.1, from 3.1 onwards you will need to install prototype-rails to continue to use RJS templates . (called from <top (required)> at /home/rynnon/workspace-ruby/sleepdata/config/environment.rb:5)
DEPRECATION WARNING: config.action_view.debug_rjs will be removed in 3.1, from 3.1 onwards you will need to install prototype-rails to continue to use RJS templates . (called from <top (required)> at /home/rynnon/workspace-ruby/sleepdata/config/environment.rb:5)
  [1m[36mSQL (0.7ms)[0m  [1m SELECT name
 FROM sqlite_master
 WHERE type = 'table' AND NOT name = 'sqlite_sequence'
[0m
  [1m[35mSQL (0.2ms)[0m   SELECT name
 FROM sqlite_master
 WHERE type = 'table' AND NOT name = 'sqlite_sequence'
  [1m[36mSQL (0.2ms)[0m  [1mSELECT "schema_migrations"."version" FROM "schema_migrations"[0m
Migrating to CreateRawData (20160602192809)
Migrating to DropTableSleepdata (20160602193328)
  [1m[35mSQL (0.4ms)[0m  select sqlite_version(*)
  [1m[36mSQL (0.2ms)[0m  [1m SELECT name
 FROM sqlite_master
 WHERE type = 'table' AND NOT name = 'sqlite_sequence'
[0m
  [1m[35mSQL (0.2ms)[0m  SELECT "schema_migrations"."version" FROM "schema_migrations"
  [1m[36mSQL (0.2ms)[0m  [1m SELECT name
 FROM sqlite_master
 WHERE type = 'table' AND NOT name = 'sqlite_sequence'
[0m
  [1m[35mSQL (0.1ms)[0m  PRAGMA index_list("raw_data")


Started GET "/raw_data" for 127.0.0.1 at 2016-06-02 21:42:44 +0200
  Processing by RawDataController#index as HTML
  [1m[35mRawDatum Load (0.4ms)[0m  SELECT "raw_data".* FROM "raw_data"
Rendered raw_data/index.html.erb within layouts/application (3.4ms)
Completed 200 OK in 11ms (Views: 7.7ms | ActiveRecord: 0.4ms)


Started GET "/raw_data" for 127.0.0.1 at 2016-06-02 21:43:41 +0200
  Processing by RawDataController#index as HTML
  [1m[36mRawDatum Load (0.4ms)[0m  [1mSELECT "raw_data".* FROM "raw_data"[0m
Rendered raw_data/index.html.erb within layouts/application (23.0ms)
Completed 200 OK in 31ms (Views: 28.0ms | ActiveRecord: 0.4ms)
DEPRECATION WARNING: config.action_view.debug_rjs will be removed in 3.1, from 3.1 onwards you will need to install prototype-rails to continue to use RJS templates . (called from <top (required)> at /home/rynnon/workspace-ruby/sleepdata/config/environment.rb:5)
  [1m[36mSQL (0.3ms)[0m  [1mselect sqlite_version(*)[0m
  [1m[35mSQL (0.1ms)[0m   SELECT name
 FROM sqlite_master
 WHERE type = 'table' AND NOT name = 'sqlite_sequence'
  [1m[36mSQL (212.2ms)[0m  [1mCREATE TABLE "raw_data" ("id" INTEGER PRIMARY KEY AUTOINCREMENT NOT NULL, "timestamp" text, "status" varchar(255), "created_at" datetime, "updated_at" datetime) [0m
  [1m[35mSQL (0.2ms)[0m   SELECT name
 FROM sqlite_master
 WHERE type = 'table' AND NOT name = 'sqlite_sequence'
  [1m[36mSQL (158.8ms)[0m  [1mCREATE TABLE "schema_migrations" ("version" varchar(255) NOT NULL) [0m
  [1m[35mSQL (0.1ms)[0m  PRAGMA index_list("schema_migrations")
  [1m[36mSQL (142.5ms)[0m  [1mCREATE UNIQUE INDEX "unique_schema_migrations" ON "schema_migrations" ("version")[0m
  [1m[35mSQL (0.3ms)[0m   SELECT name
 FROM sqlite_master
 WHERE type = 'table' AND NOT name = 'sqlite_sequence'
  [1m[36mSQL (0.1ms)[0m  [1mSELECT version FROM "schema_migrations"[0m
  [1m[35mSQL (183.4ms)[0m  INSERT INTO "schema_migrations" (version) VALUES ('20160602193328')
  [1m[36mSQL (134.1ms)[0m  [1mINSERT INTO "schema_migrations" (version) VALUES ('20160602192809')[0m
  [1m[35mSQL (0.3ms)[0m   SELECT name
 FROM sqlite_master
 WHERE type = 'table' AND NOT name = 'sqlite_sequence'
  [1m[36mSQL (0.2ms)[0m  [1m SELECT name
 FROM sqlite_master
 WHERE type = 'table' AND NOT name = 'sqlite_sequence'
[0m
  [1m[35mSQL (0.2ms)[0m  SELECT "schema_migrations"."version" FROM "schema_migrations"
DEPRECATION WARNING: config.action_view.debug_rjs will be removed in 3.1, from 3.1 onwards you will need to install prototype-rails to continue to use RJS templates . (called from <top (required)> at /home/rynnon/workspace-ruby/sleepdata/config/environment.rb:5)
  [1m[36mSQL (0.3ms)[0m  [1mselect sqlite_version(*)[0m
  [1m[35mSQL (0.1ms)[0m   SELECT name
 FROM sqlite_master
 WHERE type = 'table' AND NOT name = 'sqlite_sequence'
  [1m[36mSQL (206.2ms)[0m  [1mCREATE TABLE "raw_data" ("id" INTEGER PRIMARY KEY AUTOINCREMENT NOT NULL, "timestamp" text, "status" varchar(255), "created_at" datetime, "updated_at" datetime) [0m
  [1m[35mSQL (0.2ms)[0m   SELECT name
 FROM sqlite_master
 WHERE type = 'table' AND NOT name = 'sqlite_sequence'
  [1m[36mSQL (184.0ms)[0m  [1mCREATE TABLE "schema_migrations" ("version" varchar(255) NOT NULL) [0m
  [1m[35mSQL (0.1ms)[0m  PRAGMA index_list("schema_migrations")
  [1m[36mSQL (150.8ms)[0m  [1mCREATE UNIQUE INDEX "unique_schema_migrations" ON "schema_migrations" ("version")[0m
  [1m[35mSQL (0.3ms)[0m   SELECT name
 FROM sqlite_master
 WHERE type = 'table' AND NOT name = 'sqlite_sequence'
  [1m[36mSQL (0.1ms)[0m  [1mSELECT version FROM "schema_migrations"[0m
  [1m[35mSQL (159.6ms)[0m  INSERT INTO "schema_migrations" (version) VALUES ('20160602193328')
  [1m[36mSQL (125.9ms)[0m  [1mINSERT INTO "schema_migrations" (version) VALUES ('20160602192809')[0m
  [1m[35mSQL (0.2ms)[0m   SELECT name
 FROM sqlite_master
 WHERE type = 'table' AND NOT name = 'sqlite_sequence'
  [1m[36mSQL (0.1ms)[0m  [1m SELECT name
 FROM sqlite_master
 WHERE type = 'table' AND NOT name = 'sqlite_sequence'
[0m
  [1m[35mSQL (0.1ms)[0m  SELECT "schema_migrations"."version" FROM "schema_migrations"
DEPRECATION WARNING: config.action_view.debug_rjs will be removed in 3.1, from 3.1 onwards you will need to install prototype-rails to continue to use RJS templates . (called from <top (required)> at /home/rynnon/workspace-ruby/sleepdata/config/environment.rb:5)
  [1m[36mSQL (0.4ms)[0m  [1mselect sqlite_version(*)[0m
  [1m[35mSQL (0.1ms)[0m   SELECT name
 FROM sqlite_master
 WHERE type = 'table' AND NOT name = 'sqlite_sequence'
  [1m[36mSQL (214.4ms)[0m  [1mCREATE TABLE "raw_data" ("id" INTEGER PRIMARY KEY AUTOINCREMENT NOT NULL, "timestamp" text, "status" varchar(255), "created_at" datetime, "updated_at" datetime) [0m
  [1m[35mSQL (0.2ms)[0m   SELECT name
 FROM sqlite_master
 WHERE type = 'table' AND NOT name = 'sqlite_sequence'
  [1m[36mSQL (175.4ms)[0m  [1mCREATE TABLE "schema_migrations" ("version" varchar(255) NOT NULL) [0m
  [1m[35mSQL (0.1ms)[0m  PRAGMA index_list("schema_migrations")
  [1m[36mSQL (125.8ms)[0m  [1mCREATE UNIQUE INDEX "unique_schema_migrations" ON "schema_migrations" ("version")[0m
  [1m[35mSQL (0.2ms)[0m   SELECT name
 FROM sqlite_master
 WHERE type = 'table' AND NOT name = 'sqlite_sequence'
  [1m[36mSQL (0.1ms)[0m  [1mSELECT version FROM "schema_migrations"[0m
  [1m[35mSQL (158.4ms)[0m  INSERT INTO "schema_migrations" (version) VALUES ('20160602193328')
  [1m[36mSQL (134.3ms)[0m  [1mINSERT INTO "schema_migrations" (version) VALUES ('20160602192809')[0m
  [1m[35mSQL (0.2ms)[0m   SELECT name
 FROM sqlite_master
 WHERE type = 'table' AND NOT name = 'sqlite_sequence'
  [1m[36mSQL (0.2ms)[0m  [1m SELECT name
 FROM sqlite_master
 WHERE type = 'table' AND NOT name = 'sqlite_sequence'
[0m
  [1m[35mSQL (0.2ms)[0m  SELECT "schema_migrations"."version" FROM "schema_migrations"
DEPRECATION WARNING: config.action_view.debug_rjs will be removed in 3.1, from 3.1 onwards you will need to install prototype-rails to continue to use RJS templates . (called from <top (required)> at /home/rynnon/workspace-ruby/sleepdata/config/environment.rb:5)
  [1m[36mSQL (0.3ms)[0m  [1mselect sqlite_version(*)[0m
  [1m[35mSQL (0.1ms)[0m   SELECT name
 FROM sqlite_master
 WHERE type = 'table' AND NOT name = 'sqlite_sequence'
  [1m[36mSQL (185.0ms)[0m  [1mCREATE TABLE "raw_data" ("id" INTEGER PRIMARY KEY AUTOINCREMENT NOT NULL, "timestamp" text, "status" varchar(255), "created_at" datetime, "updated_at" datetime) [0m
  [1m[35mSQL (0.2ms)[0m   SELECT name
 FROM sqlite_master
 WHERE type = 'table' AND NOT name = 'sqlite_sequence'
  [1m[36mSQL (175.4ms)[0m  [1mCREATE TABLE "schema_migrations" ("version" varchar(255) NOT NULL) [0m
  [1m[35mSQL (0.1ms)[0m  PRAGMA index_list("schema_migrations")
  [1m[36mSQL (150.8ms)[0m  [1mCREATE UNIQUE INDEX "unique_schema_migrations" ON "schema_migrations" ("version")[0m
  [1m[35mSQL (0.3ms)[0m   SELECT name
 FROM sqlite_master
 WHERE type = 'table' AND NOT name = 'sqlite_sequence'
  [1m[36mSQL (0.1ms)[0m  [1mSELECT version FROM "schema_migrations"[0m
  [1m[35mSQL (158.5ms)[0m  INSERT INTO "schema_migrations" (version) VALUES ('20160602193328')
  [1m[36mSQL (125.9ms)[0m  [1mINSERT INTO "schema_migrations" (version) VALUES ('20160602192809')[0m
  [1m[35mSQL (0.3ms)[0m   SELECT name
 FROM sqlite_master
 WHERE type = 'table' AND NOT name = 'sqlite_sequence'
  [1m[36mSQL (0.2ms)[0m  [1m SELECT name
 FROM sqlite_master
 WHERE type = 'table' AND NOT name = 'sqlite_sequence'
[0m
  [1m[35mSQL (0.2ms)[0m  SELECT "schema_migrations"."version" FROM "schema_migrations"
  [1m[36mAREL (0.2ms)[0m  [1mINSERT INTO "raw_data" ("timestamp", "status", "created_at", "updated_at") VALUES ('2016-04-25 17:15:00', 'ins Bett gelegt
', '2016-06-02 20:38:46.731305', '2016-06-02 20:38:46.731305')[0m
  [1m[35mAREL (0.2ms)[0m  INSERT INTO "raw_data" ("timestamp", "status", "created_at", "updated_at") VALUES ('2016-04-25 21:30:00', 'aufgestanden
', '2016-06-02 20:38:46.882488', '2016-06-02 20:38:46.882488')
  [1m[36mAREL (0.2ms)[0m  [1mINSERT INTO "raw_data" ("timestamp", "status", "created_at", "updated_at") VALUES ('2016-04-26 01:30:00', 'ins Bett gelegt
', '2016-06-02 20:38:46.991688', '2016-06-02 20:38:46.991688')[0m
  [1m[35mAREL (0.3ms)[0m  INSERT INTO "raw_data" ("timestamp", "status", "created_at", "updated_at") VALUES ('2016-04-26 07:00:00', 'aufgewacht
', '2016-06-02 20:38:47.134635', '2016-06-02 20:38:47.134635')
DEPRECATION WARNING: config.action_view.debug_rjs will be removed in 3.1, from 3.1 onwards you will need to install prototype-rails to continue to use RJS templates . (called from <top (required)> at /home/rynnon/workspace-ruby/sleepdata/config/environment.rb:5)
  [1m[36mSQL (0.4ms)[0m  [1m SELECT name
 FROM sqlite_master
 WHERE type = 'table' AND NOT name = 'sqlite_sequence'
[0m
  [1m[35mSQL (0.2ms)[0m   SELECT name
 FROM sqlite_master
 WHERE type = 'table' AND NOT name = 'sqlite_sequence'
  [1m[36mSQL (0.1ms)[0m  [1mSELECT "schema_migrations"."version" FROM "schema_migrations"[0m
Migrating to CreateRawData (20160602192809)
Migrating to DropTableSleepdata (20160602193328)
  [1m[35mSQL (0.3ms)[0m  select sqlite_version(*)
  [1m[36mSQL (0.1ms)[0m  [1m SELECT name
 FROM sqlite_master
 WHERE type = 'table' AND NOT name = 'sqlite_sequence'
[0m
  [1m[35mSQL (0.1ms)[0m  SELECT "schema_migrations"."version" FROM "schema_migrations"
  [1m[36mSQL (0.1ms)[0m  [1m SELECT name
 FROM sqlite_master
 WHERE type = 'table' AND NOT name = 'sqlite_sequence'
[0m
  [1m[35mSQL (0.1ms)[0m  PRAGMA index_list("raw_data")


Started GET "/raw_data" for 127.0.0.1 at 2016-06-02 22:39:03 +0200
  Processing by RawDataController#index as HTML
  [1m[35mRawDatum Load (0.5ms)[0m  SELECT "raw_data".* FROM "raw_data"
Rendered raw_data/index.html.erb within layouts/application (15.4ms)
Completed 200 OK in 22ms (Views: 19.1ms | ActiveRecord: 0.5ms)
DEPRECATION WARNING: config.action_view.debug_rjs will be removed in 3.1, from 3.1 onwards you will need to install prototype-rails to continue to use RJS templates . (called from <top (required)> at /home/rynnon/workspace-ruby/sleepdata/config/environment.rb:5)
  [1m[36mSQL (0.6ms)[0m  [1m SELECT name
 FROM sqlite_master
 WHERE type = 'table' AND NOT name = 'sqlite_sequence'
[0m
  [1m[35mSQL (0.2ms)[0m   SELECT name
 FROM sqlite_master
 WHERE type = 'table' AND NOT name = 'sqlite_sequence'
  [1m[36mSQL (0.2ms)[0m  [1mSELECT "schema_migrations"."version" FROM "schema_migrations"[0m
Migrating to CreateRawData (20160602192809)
Migrating to DropTableSleepdata (20160602193328)
  [1m[35mSQL (0.4ms)[0m  select sqlite_version(*)
  [1m[36mSQL (0.2ms)[0m  [1m SELECT name
 FROM sqlite_master
 WHERE type = 'table' AND NOT name = 'sqlite_sequence'
[0m
  [1m[35mSQL (0.2ms)[0m  SELECT "schema_migrations"."version" FROM "schema_migrations"
  [1m[36mSQL (0.2ms)[0m  [1m SELECT name
 FROM sqlite_master
 WHERE type = 'table' AND NOT name = 'sqlite_sequence'
[0m
  [1m[35mSQL (0.1ms)[0m  PRAGMA index_list("raw_data")
DEPRECATION WARNING: config.action_view.debug_rjs will be removed in 3.1, from 3.1 onwards you will need to install prototype-rails to continue to use RJS templates . (called from <top (required)> at /home/rynnon/workspace-ruby/sleepdata/config/environment.rb:5)
  [1m[36mSQL (0.4ms)[0m  [1mselect sqlite_version(*)[0m
  [1m[35mSQL (0.1ms)[0m   SELECT name
 FROM sqlite_master
 WHERE type = 'table' AND NOT name = 'sqlite_sequence'
  [1m[36mSQL (212.3ms)[0m  [1mCREATE TABLE "raw_data" ("id" INTEGER PRIMARY KEY AUTOINCREMENT NOT NULL, "timestamp" text, "status" varchar(255), "created_at" datetime, "updated_at" datetime) [0m
  [1m[35mSQL (0.2ms)[0m   SELECT name
 FROM sqlite_master
 WHERE type = 'table' AND NOT name = 'sqlite_sequence'
  [1m[36mSQL (158.8ms)[0m  [1mCREATE TABLE "schema_migrations" ("version" varchar(255) NOT NULL) [0m
  [1m[35mSQL (0.1ms)[0m  PRAGMA index_list("schema_migrations")
  [1m[36mSQL (217.5ms)[0m  [1mCREATE UNIQUE INDEX "unique_schema_migrations" ON "schema_migrations" ("version")[0m
  [1m[35mSQL (0.2ms)[0m   SELECT name
 FROM sqlite_master
 WHERE type = 'table' AND NOT name = 'sqlite_sequence'
  [1m[36mSQL (0.1ms)[0m  [1mSELECT version FROM "schema_migrations"[0m
  [1m[35mSQL (183.2ms)[0m  INSERT INTO "schema_migrations" (version) VALUES ('20160602193328')
  [1m[36mSQL (134.3ms)[0m  [1mINSERT INTO "schema_migrations" (version) VALUES ('20160602192809')[0m
  [1m[35mSQL (0.3ms)[0m   SELECT name
 FROM sqlite_master
 WHERE type = 'table' AND NOT name = 'sqlite_sequence'
  [1m[36mSQL (0.2ms)[0m  [1m SELECT name
 FROM sqlite_master
 WHERE type = 'table' AND NOT name = 'sqlite_sequence'
[0m
  [1m[35mSQL (0.2ms)[0m  SELECT "schema_migrations"."version" FROM "schema_migrations"
  [1m[36mAREL (0.2ms)[0m  [1mINSERT INTO "raw_data" ("timestamp", "status", "created_at", "updated_at") VALUES ('2016-04-25 17:15:00', 'ins Bett gelegt
', '2016-06-02 20:42:09.088770', '2016-06-02 20:42:09.088770')[0m
  [1m[35mAREL (0.3ms)[0m  INSERT INTO "raw_data" ("timestamp", "status", "created_at", "updated_at") VALUES ('2016-04-25 21:30:00', 'aufgestanden
', '2016-06-02 20:42:09.259258', '2016-06-02 20:42:09.259258')
  [1m[36mAREL (0.3ms)[0m  [1mINSERT INTO "raw_data" ("timestamp", "status", "created_at", "updated_at") VALUES ('2016-04-26 01:30:00', 'ins Bett gelegt
', '2016-06-02 20:42:09.385170', '2016-06-02 20:42:09.385170')[0m
  [1m[35mAREL (0.3ms)[0m  INSERT INTO "raw_data" ("timestamp", "status", "created_at", "updated_at") VALUES ('2016-04-26 07:00:00', 'aufgewacht
', '2016-06-02 20:42:09.511387', '2016-06-02 20:42:09.511387')
  [1m[36mAREL (0.3ms)[0m  [1mINSERT INTO "raw_data" ("timestamp", "status", "created_at", "updated_at") VALUES ('2016-04-26 21:40:00', 'ins Bett gelegt
', '2016-06-02 20:42:09.654306', '2016-06-02 20:42:09.654306')[0m
  [1m[35mAREL (0.3ms)[0m  INSERT INTO "raw_data" ("timestamp", "status", "created_at", "updated_at") VALUES ('2016-04-26 23:00:00', 'aufgestanden
', '2016-06-02 20:42:09.797104', '2016-06-02 20:42:09.797104')
  [1m[36mAREL (0.3ms)[0m  [1mINSERT INTO "raw_data" ("timestamp", "status", "created_at", "updated_at") VALUES ('2016-04-27 01:30:00', 'ins Bett gelegt
', '2016-06-02 20:42:09.914760', '2016-06-02 20:42:09.914760')[0m
  [1m[35mAREL (0.3ms)[0m  INSERT INTO "raw_data" ("timestamp", "status", "created_at", "updated_at") VALUES ('2016-04-27 04:45:00', 'noch wach
', '2016-06-02 20:42:10.049392', '2016-06-02 20:42:10.049392')
  [1m[36mAREL (0.3ms)[0m  [1mINSERT INTO "raw_data" ("timestamp", "status", "created_at", "updated_at") VALUES ('2016-04-27 08:00:00', 'aufgewacht
', '2016-06-02 20:42:10.227089', '2016-06-02 20:42:10.227089')[0m
  [1m[35mAREL (0.3ms)[0m  INSERT INTO "raw_data" ("timestamp", "status", "created_at", "updated_at") VALUES ('2016-04-27 09:40:00', 'Zoplicon
', '2016-06-02 20:42:10.353332', '2016-06-02 20:42:10.353332')
  [1m[36mAREL (0.3ms)[0m  [1mINSERT INTO "raw_data" ("timestamp", "status", "created_at", "updated_at") VALUES ('2016-04-27 09:41:00', 'ins Bett gelegt
', '2016-06-02 20:42:10.479307', '2016-06-02 20:42:10.479307')[0m
  [1m[35mAREL (0.3ms)[0m  INSERT INTO "raw_data" ("timestamp", "status", "created_at", "updated_at") VALUES ('2016-04-27 16:00:00', 'aufgewacht
', '2016-06-02 20:42:10.613797', '2016-06-02 20:42:10.613797')
  [1m[36mAREL (0.3ms)[0m  [1mINSERT INTO "raw_data" ("timestamp", "status", "created_at", "updated_at") VALUES ('2016-04-28 17:27:00', 'Zopliclon
', '2016-06-02 20:42:10.748363', '2016-06-02 20:42:10.748363')[0m
  [1m[35mAREL (0.3ms)[0m  INSERT INTO "raw_data" ("timestamp", "status", "created_at", "updated_at") VALUES ('2016-04-28 17:28:00', 'ins Bett gelegt
', '2016-06-02 20:42:10.874528', '2016-06-02 20:42:10.874528')
  [1m[36mAREL (0.3ms)[0m  [1mINSERT INTO "raw_data" ("timestamp", "status", "created_at", "updated_at") VALUES ('2016-04-28 23:09:00', 'aufgewacht
', '2016-06-02 20:42:11.008813', '2016-06-02 20:42:11.008813')[0m
  [1m[35mAREL (0.2ms)[0m  INSERT INTO "raw_data" ("timestamp", "status", "created_at", "updated_at") VALUES ('2016-04-29 02:44:00', 'ins Bett gelegt
', '2016-06-02 20:42:11.144444', '2016-06-02 20:42:11.144444')
  [1m[36mAREL (0.2ms)[0m  [1mINSERT INTO "raw_data" ("timestamp", "status", "created_at", "updated_at") VALUES ('2016-04-29 03:35:00', 'noch wach
', '2016-06-02 20:42:11.304011', '2016-06-02 20:42:11.304011')[0m
  [1m[35mAREL (0.2ms)[0m  INSERT INTO "raw_data" ("timestamp", "status", "created_at", "updated_at") VALUES ('2016-04-29 18:30:00', 'Zopiclon
', '2016-06-02 20:42:11.438544', '2016-06-02 20:42:11.438544')
  [1m[36mAREL (0.3ms)[0m  [1mINSERT INTO "raw_data" ("timestamp", "status", "created_at", "updated_at") VALUES ('2016-04-29 19:12:00', 'noch wach
', '2016-06-02 20:42:11.539706', '2016-06-02 20:42:11.539706')[0m
  [1m[35mAREL (0.3ms)[0m  INSERT INTO "raw_data" ("timestamp", "status", "created_at", "updated_at") VALUES ('2016-04-30 01:00:00', 'aufgewacht
', '2016-06-02 20:42:11.674279', '2016-06-02 20:42:11.674279')
  [1m[36mAREL (0.2ms)[0m  [1mINSERT INTO "raw_data" ("timestamp", "status", "created_at", "updated_at") VALUES ('2016-04-29 18:32:00', 'ins Bett gelegt
', '2016-06-02 20:42:11.791781', '2016-06-02 20:42:11.791781')[0m
  [1m[35mAREL (0.3ms)[0m  INSERT INTO "raw_data" ("timestamp", "status", "created_at", "updated_at") VALUES ('2016-04-30 03:34:00', 'ins Bett gelegt
', '2016-06-02 20:42:11.909812', '2016-06-02 20:42:11.909812')
  [1m[36mAREL (0.2ms)[0m  [1mINSERT INTO "raw_data" ("timestamp", "status", "created_at", "updated_at") VALUES ('2016-04-30 04:19:00', 'noch wach
', '2016-06-02 20:42:12.037024', '2016-06-02 20:42:12.037024')[0m
  [1m[35mAREL (0.2ms)[0m  INSERT INTO "raw_data" ("timestamp", "status", "created_at", "updated_at") VALUES ('2016-05-01 00:00:00', 'ins Bett gelegt
', '2016-06-02 20:42:12.154688', '2016-06-02 20:42:12.154688')
  [1m[36mAREL (0.3ms)[0m  [1mINSERT INTO "raw_data" ("timestamp", "status", "created_at", "updated_at") VALUES ('2016-05-01 03:41:00', 'noch wach
', '2016-06-02 20:42:12.272515', '2016-06-02 20:42:12.272515')[0m
  [1m[35mAREL (0.2ms)[0m  INSERT INTO "raw_data" ("timestamp", "status", "created_at", "updated_at") VALUES ('2016-05-01 08:50:00', 'aufgewacht
', '2016-06-02 20:42:12.407047', '2016-06-02 20:42:12.407047')
  [1m[36mAREL (0.2ms)[0m  [1mINSERT INTO "raw_data" ("timestamp", "status", "created_at", "updated_at") VALUES ('2016-05-01 14:14:00', 'aufgestanden
', '2016-06-02 20:42:12.541552', '2016-06-02 20:42:12.541552')[0m
  [1m[35mAREL (0.2ms)[0m  INSERT INTO "raw_data" ("timestamp", "status", "created_at", "updated_at") VALUES ('2016-05-02 04:20:00', 'ins Bett gelegt
', '2016-06-02 20:42:12.676123', '2016-06-02 20:42:12.676123')
  [1m[36mAREL (0.2ms)[0m  [1mINSERT INTO "raw_data" ("timestamp", "status", "created_at", "updated_at") VALUES ('2016-05-02 06:30:00', 'noch wach
', '2016-06-02 20:42:12.818926', '2016-06-02 20:42:12.818926')[0m
  [1m[35mAREL (0.2ms)[0m  INSERT INTO "raw_data" ("timestamp", "status", "created_at", "updated_at") VALUES ('2016-05-02 11:02:00', 'aufgewacht
', '2016-06-02 20:42:12.963082', '2016-06-02 20:42:12.963082')
  [1m[36mAREL (0.3ms)[0m  [1mINSERT INTO "raw_data" ("timestamp", "status", "created_at", "updated_at") VALUES ('2016-05-02 13:30:00', 'aufgestanden
', '2016-06-02 20:42:13.089223', '2016-06-02 20:42:13.089223')[0m
  [1m[35mAREL (0.3ms)[0m  INSERT INTO "raw_data" ("timestamp", "status", "created_at", "updated_at") VALUES ('2016-05-03 03:12:00', 'ins Bett gelegt
', '2016-06-02 20:42:13.223948', '2016-06-02 20:42:13.223948')
  [1m[36mAREL (0.3ms)[0m  [1mINSERT INTO "raw_data" ("timestamp", "status", "created_at", "updated_at") VALUES ('2016-05-03 04:41:00', 'noch wach
', '2016-06-02 20:42:13.350055', '2016-06-02 20:42:13.350055')[0m
  [1m[35mAREL (0.2ms)[0m  INSERT INTO "raw_data" ("timestamp", "status", "created_at", "updated_at") VALUES ('2016-05-03 12:40:00', 'aufgewacht
', '2016-06-02 20:42:13.493007', '2016-06-02 20:42:13.493007')
  [1m[36mAREL (0.2ms)[0m  [1mINSERT INTO "raw_data" ("timestamp", "status", "created_at", "updated_at") VALUES ('2016-05-03 13:10:00', 'aufgestanden
', '2016-06-02 20:42:13.627634', '2016-06-02 20:42:13.627634')[0m
  [1m[35mAREL (0.3ms)[0m  INSERT INTO "raw_data" ("timestamp", "status", "created_at", "updated_at") VALUES ('2016-05-03 17:06:32', 'noch wach
', '2016-06-02 20:42:13.755074', '2016-06-02 20:42:13.755074')
  [1m[36mAREL (0.3ms)[0m  [1mINSERT INTO "raw_data" ("timestamp", "status", "created_at", "updated_at") VALUES ('2016-05-03 23:49:54', 'ins Bett gelegt
', '2016-06-02 20:42:13.881219', '2016-06-02 20:42:13.881219')[0m
  [1m[35mAREL (0.3ms)[0m  INSERT INTO "raw_data" ("timestamp", "status", "created_at", "updated_at") VALUES ('2016-05-04 00:18:36', 'noch wach
', '2016-06-02 20:42:14.007346', '2016-06-02 20:42:14.007346')
  [1m[36mAREL (0.3ms)[0m  [1mINSERT INTO "raw_data" ("timestamp", "status", "created_at", "updated_at") VALUES ('2016-05-04 00:18:56', 'noch wach
', '2016-06-02 20:42:14.133545', '2016-06-02 20:42:14.133545')[0m
  [1m[35mAREL (0.3ms)[0m  INSERT INTO "raw_data" ("timestamp", "status", "created_at", "updated_at") VALUES ('2016-05-04 00:51:03', 'noch wach
', '2016-06-02 20:42:14.284853', '2016-06-02 20:42:14.284853')
  [1m[36mAREL (0.3ms)[0m  [1mINSERT INTO "raw_data" ("timestamp", "status", "created_at", "updated_at") VALUES ('2016-05-04 01:16:39', 'noch wach
', '2016-06-02 20:42:14.394039', '2016-06-02 20:42:14.394039')[0m
  [1m[35mAREL (0.2ms)[0m  INSERT INTO "raw_data" ("timestamp", "status", "created_at", "updated_at") VALUES ('2016-05-04 01:38:05', 'aufgestanden
', '2016-06-02 20:42:14.528583', '2016-06-02 20:42:14.528583')
  [1m[36mAREL (0.2ms)[0m  [1mINSERT INTO "raw_data" ("timestamp", "status", "created_at", "updated_at") VALUES ('2016-05-04 02:37:27', 'ins Bett gelegt
', '2016-06-02 20:42:14.656016', '2016-06-02 20:42:14.656016')[0m
  [1m[35mAREL (0.2ms)[0m  INSERT INTO "raw_data" ("timestamp", "status", "created_at", "updated_at") VALUES ('2016-05-04 03:25:36', 'noch wach
', '2016-06-02 20:42:14.782167', '2016-06-02 20:42:14.782167')
  [1m[36mAREL (0.3ms)[0m  [1mINSERT INTO "raw_data" ("timestamp", "status", "created_at", "updated_at") VALUES ('2016-05-04 03:56:41', 'aufgestanden
', '2016-06-02 20:42:14.908447', '2016-06-02 20:42:14.908447')[0m
  [1m[35mAREL (0.3ms)[0m  INSERT INTO "raw_data" ("timestamp", "status", "created_at", "updated_at") VALUES ('2016-05-04 04:24:01', 'ins Bett gelegt
', '2016-06-02 20:42:15.034522', '2016-06-02 20:42:15.034522')
  [1m[36mAREL (0.3ms)[0m  [1mINSERT INTO "raw_data" ("timestamp", "status", "created_at", "updated_at") VALUES ('2016-05-04 11:00:10', 'aufgewacht
', '2016-06-02 20:42:15.177313', '2016-06-02 20:42:15.177313')[0m
  [1m[35mAREL (0.4ms)[0m  INSERT INTO "raw_data" ("timestamp", "status", "created_at", "updated_at") VALUES ('2016-05-04 12:17:39', 'aufgestanden
', '2016-06-02 20:42:15.311804', '2016-06-02 20:42:15.311804')
  [1m[36mAREL (0.3ms)[0m  [1mINSERT INTO "raw_data" ("timestamp", "status", "created_at", "updated_at") VALUES ('2016-05-05 06:51:14', 'ins Bett gelegt
', '2016-06-02 20:42:15.454733', '2016-06-02 20:42:15.454733')[0m
  [1m[35mAREL (0.3ms)[0m  INSERT INTO "raw_data" ("timestamp", "status", "created_at", "updated_at") VALUES ('2016-05-05 13:01:07', 'aufgewacht
', '2016-06-02 20:42:15.583580', '2016-06-02 20:42:15.583580')
  [1m[36mAREL (0.3ms)[0m  [1mINSERT INTO "raw_data" ("timestamp", "status", "created_at", "updated_at") VALUES ('2016-05-05 13:58:54', 'aufgestanden
', '2016-06-02 20:42:15.716747', '2016-06-02 20:42:15.716747')[0m
  [1m[35mAREL (0.3ms)[0m  INSERT INTO "raw_data" ("timestamp", "status", "created_at", "updated_at") VALUES ('2016-05-06 06:33:19', 'ins Bett gelegt
', '2016-06-02 20:42:15.859574', '2016-06-02 20:42:15.859574')
  [1m[36mAREL (0.3ms)[0m  [1mINSERT INTO "raw_data" ("timestamp", "status", "created_at", "updated_at") VALUES ('2016-05-06 07:16:26', 'noch wach
', '2016-06-02 20:42:16.002328', '2016-06-02 20:42:16.002328')[0m
  [1m[35mAREL (0.2ms)[0m  INSERT INTO "raw_data" ("timestamp", "status", "created_at", "updated_at") VALUES ('2016-05-07 05:57:57', 'ins Bett gelegt
', '2016-06-02 20:42:16.161793', '2016-06-02 20:42:16.161793')
  [1m[36mAREL (0.2ms)[0m  [1mINSERT INTO "raw_data" ("timestamp", "status", "created_at", "updated_at") VALUES ('2016-05-07 12:54:22', 'aufgewacht
', '2016-06-02 20:42:16.271242', '2016-06-02 20:42:16.271242')[0m
  [1m[35mAREL (0.3ms)[0m  INSERT INTO "raw_data" ("timestamp", "status", "created_at", "updated_at") VALUES ('2016-05-07 16:04:50', 'aufgestanden
', '2016-06-02 20:42:16.405870', '2016-06-02 20:42:16.405870')
  [1m[36mAREL (0.2ms)[0m  [1mINSERT INTO "raw_data" ("timestamp", "status", "created_at", "updated_at") VALUES ('2016-05-08 11:03:52', 'ins Bett gelegt
', '2016-06-02 20:42:16.516501', '2016-06-02 20:42:16.516501')[0m
  [1m[35mAREL (0.2ms)[0m  INSERT INTO "raw_data" ("timestamp", "status", "created_at", "updated_at") VALUES ('2016-05-08 17:27:12', 'aufgewacht
', '2016-06-02 20:42:16.647177', '2016-06-02 20:42:16.647177')
  [1m[36mAREL (0.2ms)[0m  [1mINSERT INTO "raw_data" ("timestamp", "status", "created_at", "updated_at") VALUES ('2016-05-08 17:43:22', 'aufgestanden
', '2016-06-02 20:42:16.781716', '2016-06-02 20:42:16.781716')[0m
  [1m[35mAREL (0.3ms)[0m  INSERT INTO "raw_data" ("timestamp", "status", "created_at", "updated_at") VALUES ('2016-05-09 02:10:11', 'ins Bett gelegt
', '2016-06-02 20:42:16.916316', '2016-06-02 20:42:16.916316')
  [1m[36mAREL (0.3ms)[0m  [1mINSERT INTO "raw_data" ("timestamp", "status", "created_at", "updated_at") VALUES ('2016-05-09 02:38:22', 'noch wach
', '2016-06-02 20:42:17.059188', '2016-06-02 20:42:17.059188')[0m
  [1m[35mAREL (0.2ms)[0m  INSERT INTO "raw_data" ("timestamp", "status", "created_at", "updated_at") VALUES ('2016-05-09 04:00:06', 'noch wach
', '2016-06-02 20:42:17.193639', '2016-06-02 20:42:17.193639')
  [1m[36mAREL (0.2ms)[0m  [1mINSERT INTO "raw_data" ("timestamp", "status", "created_at", "updated_at") VALUES ('2016-05-09 04:57:05', 'noch wach
', '2016-06-02 20:42:17.344872', '2016-06-02 20:42:17.344872')[0m
  [1m[35mAREL (0.2ms)[0m  INSERT INTO "raw_data" ("timestamp", "status", "created_at", "updated_at") VALUES ('2016-05-09 05:36:11', 'noch wach
', '2016-06-02 20:42:17.472292', '2016-06-02 20:42:17.472292')
  [1m[36mAREL (0.2ms)[0m  [1mINSERT INTO "raw_data" ("timestamp", "status", "created_at", "updated_at") VALUES ('2016-05-09 06:29:54', 'aufgestanden
', '2016-06-02 20:42:17.615226', '2016-06-02 20:42:17.615226')[0m
  [1m[35mAREL (0.2ms)[0m  INSERT INTO "raw_data" ("timestamp", "status", "created_at", "updated_at") VALUES ('2016-05-09 17:12:26', 'Zopiclon
', '2016-06-02 20:42:17.749658', '2016-06-02 20:42:17.749658')
  [1m[36mAREL (0.2ms)[0m  [1mINSERT INTO "raw_data" ("timestamp", "status", "created_at", "updated_at") VALUES ('2016-05-09 17:17:34', 'ins Bett gelegt
', '2016-06-02 20:42:17.892503', '2016-06-02 20:42:17.892503')[0m
  [1m[35mAREL (0.3ms)[0m  INSERT INTO "raw_data" ("timestamp", "status", "created_at", "updated_at") VALUES ('2016-05-09 23:07:05', 'aufgewacht
', '2016-06-02 20:42:18.027068', '2016-06-02 20:42:18.027068')
  [1m[36mAREL (0.3ms)[0m  [1mINSERT INTO "raw_data" ("timestamp", "status", "created_at", "updated_at") VALUES ('2016-05-09 23:16:37', 'aufgestanden
', '2016-06-02 20:42:18.153270', '2016-06-02 20:42:18.153270')[0m
  [1m[35mAREL (0.2ms)[0m  INSERT INTO "raw_data" ("timestamp", "status", "created_at", "updated_at") VALUES ('2016-05-10 01:32:06', 'ins Bett gelegt
', '2016-06-02 20:42:18.279159', '2016-06-02 20:42:18.279159')
  [1m[36mAREL (0.2ms)[0m  [1mINSERT INTO "raw_data" ("timestamp", "status", "created_at", "updated_at") VALUES ('2016-05-10 02:14:56', 'noch wach
', '2016-06-02 20:42:18.406707', '2016-06-02 20:42:18.406707')[0m
  [1m[35mAREL (0.3ms)[0m  INSERT INTO "raw_data" ("timestamp", "status", "created_at", "updated_at") VALUES ('2016-05-10 02:44:44', 'noch wach
', '2016-06-02 20:42:18.516360', '2016-06-02 20:42:18.516360')
  [1m[36mAREL (0.2ms)[0m  [1mINSERT INTO "raw_data" ("timestamp", "status", "created_at", "updated_at") VALUES ('2016-05-10 04:02:20', 'aufgewacht
', '2016-06-02 20:42:18.658812', '2016-06-02 20:42:18.658812')[0m


Started GET "/raw_data" for 127.0.0.1 at 2016-06-02 22:42:22 +0200
  Processing by RawDataController#index as HTML
  [1m[36mRawDatum Load (1.7ms)[0m  [1mSELECT "raw_data".* FROM "raw_data"[0m
Rendered raw_data/index.html.erb within layouts/application (94.1ms)
Completed 200 OK in 103ms (Views: 97.7ms | ActiveRecord: 1.7ms)


Started GET "/raw_data" for 127.0.0.1 at 2016-06-02 22:43:51 +0200
  Processing by RawDataController#index as HTML
  [1m[35mRawDatum Load (1.9ms)[0m  SELECT "raw_data".* FROM "raw_data"
Rendered raw_data/index.html.erb within layouts/application (103.9ms)
Completed 200 OK in 114ms (Views: 107.7ms | ActiveRecord: 1.9ms)


Started GET "/raw_data" for 127.0.0.1 at 2016-06-02 22:44:01 +0200
  Processing by RawDataController#index as HTML
  [1m[36mRawDatum Load (1.9ms)[0m  [1mSELECT "raw_data".* FROM "raw_data"[0m
Rendered raw_data/index.html.erb within layouts/application (106.6ms)
Completed 200 OK in 117ms (Views: 110.4ms | ActiveRecord: 1.9ms)


Started GET "/raw_data" for 127.0.0.1 at 2016-06-02 22:44:13 +0200
  Processing by RawDataController#index as HTML
  [1m[35mRawDatum Load (1.7ms)[0m  SELECT "raw_data".* FROM "raw_data"
Rendered raw_data/index.html.erb within layouts/application (145.2ms)
Completed 200 OK in 154ms (Views: 148.8ms | ActiveRecord: 1.7ms)
DEPRECATION WARNING: config.action_view.debug_rjs will be removed in 3.1, from 3.1 onwards you will need to install prototype-rails to continue to use RJS templates . (called from <top (required)> at /home/rynnon/workspace-ruby/sleepdata/config/environment.rb:5)
  [1m[36mSQL (0.4ms)[0m  [1mselect sqlite_version(*)[0m
  [1m[35mSQL (0.1ms)[0m   SELECT name
 FROM sqlite_master
 WHERE type = 'table' AND NOT name = 'sqlite_sequence'
  [1m[36mSQL (216.4ms)[0m  [1mCREATE TABLE "raw_data" ("id" INTEGER PRIMARY KEY AUTOINCREMENT NOT NULL, "timestamp" text, "status" varchar(255), "created_at" datetime, "updated_at" datetime) [0m
  [1m[35mSQL (0.2ms)[0m   SELECT name
 FROM sqlite_master
 WHERE type = 'table' AND NOT name = 'sqlite_sequence'
  [1m[36mSQL (184.1ms)[0m  [1mCREATE TABLE "schema_migrations" ("version" varchar(255) NOT NULL) [0m
  [1m[35mSQL (0.1ms)[0m  PRAGMA index_list("schema_migrations")
  [1m[36mSQL (125.6ms)[0m  [1mCREATE UNIQUE INDEX "unique_schema_migrations" ON "schema_migrations" ("version")[0m
  [1m[35mSQL (0.3ms)[0m   SELECT name
 FROM sqlite_master
 WHERE type = 'table' AND NOT name = 'sqlite_sequence'
  [1m[36mSQL (0.1ms)[0m  [1mSELECT version FROM "schema_migrations"[0m
  [1m[35mSQL (175.1ms)[0m  INSERT INTO "schema_migrations" (version) VALUES ('20160602193328')
  [1m[36mSQL (109.1ms)[0m  [1mINSERT INTO "schema_migrations" (version) VALUES ('20160602192809')[0m
  [1m[35mSQL (0.3ms)[0m   SELECT name
 FROM sqlite_master
 WHERE type = 'table' AND NOT name = 'sqlite_sequence'
  [1m[36mSQL (0.2ms)[0m  [1m SELECT name
 FROM sqlite_master
 WHERE type = 'table' AND NOT name = 'sqlite_sequence'
[0m
  [1m[35mSQL (0.2ms)[0m  SELECT "schema_migrations"."version" FROM "schema_migrations"
  [1m[36mAREL (0.2ms)[0m  [1mINSERT INTO "raw_data" ("timestamp", "status", "created_at", "updated_at") VALUES ('2016-04-25 17:15:00', 'ins Bett gelegt
', '2016-06-02 20:46:02.807770', '2016-06-02 20:46:02.807770')[0m
  [1m[35mAREL (0.2ms)[0m  INSERT INTO "raw_data" ("timestamp", "status", "created_at", "updated_at") VALUES ('2016-04-25 21:30:00', 'aufgestanden
', '2016-06-02 20:46:02.958356', '2016-06-02 20:46:02.958356')
  [1m[36mAREL (0.3ms)[0m  [1mINSERT INTO "raw_data" ("timestamp", "status", "created_at", "updated_at") VALUES ('2016-04-26 01:30:00', 'ins Bett gelegt
', '2016-06-02 20:46:03.092832', '2016-06-02 20:46:03.092832')[0m
  [1m[35mAREL (0.3ms)[0m  INSERT INTO "raw_data" ("timestamp", "status", "created_at", "updated_at") VALUES ('2016-04-26 07:00:00', 'aufgewacht
', '2016-06-02 20:46:03.236926', '2016-06-02 20:46:03.236926')
  [1m[36mAREL (0.3ms)[0m  [1mINSERT INTO "raw_data" ("timestamp", "status", "created_at", "updated_at") VALUES ('2016-04-26 21:40:00', 'ins Bett gelegt
', '2016-06-02 20:46:03.354572', '2016-06-02 20:46:03.354572')[0m
  [1m[35mAREL (0.3ms)[0m  INSERT INTO "raw_data" ("timestamp", "status", "created_at", "updated_at") VALUES ('2016-04-26 23:00:00', 'aufgestanden
', '2016-06-02 20:46:03.489190', '2016-06-02 20:46:03.489190')
  [1m[36mAREL (0.3ms)[0m  [1mINSERT INTO "raw_data" ("timestamp", "status", "created_at", "updated_at") VALUES ('2016-04-27 01:30:00', 'ins Bett gelegt
', '2016-06-02 20:46:03.598519', '2016-06-02 20:46:03.598519')[0m
  [1m[35mAREL (0.3ms)[0m  INSERT INTO "raw_data" ("timestamp", "status", "created_at", "updated_at") VALUES ('2016-04-27 04:45:00', 'noch wach
', '2016-06-02 20:46:03.741369', '2016-06-02 20:46:03.741369')
  [1m[36mAREL (0.3ms)[0m  [1mINSERT INTO "raw_data" ("timestamp", "status", "created_at", "updated_at") VALUES ('2016-04-27 08:00:00', 'aufgewacht
', '2016-06-02 20:46:03.867478', '2016-06-02 20:46:03.867478')[0m
  [1m[35mAREL (0.2ms)[0m  INSERT INTO "raw_data" ("timestamp", "status", "created_at", "updated_at") VALUES ('2016-04-27 09:40:00', 'Zoplicon
', '2016-06-02 20:46:04.010167', '2016-06-02 20:46:04.010167')
  [1m[36mAREL (0.3ms)[0m  [1mINSERT INTO "raw_data" ("timestamp", "status", "created_at", "updated_at") VALUES ('2016-04-27 09:41:00', 'ins Bett gelegt
', '2016-06-02 20:46:04.145985', '2016-06-02 20:46:04.145985')[0m
  [1m[35mAREL (0.2ms)[0m  INSERT INTO "raw_data" ("timestamp", "status", "created_at", "updated_at") VALUES ('2016-04-27 16:00:00', 'aufgewacht
', '2016-06-02 20:46:04.272183', '2016-06-02 20:46:04.272183')
  [1m[36mAREL (0.3ms)[0m  [1mINSERT INTO "raw_data" ("timestamp", "status", "created_at", "updated_at") VALUES ('2016-04-28 17:27:00', 'Zopliclon
', '2016-06-02 20:46:04.390126', '2016-06-02 20:46:04.390126')[0m
  [1m[35mAREL (0.3ms)[0m  INSERT INTO "raw_data" ("timestamp", "status", "created_at", "updated_at") VALUES ('2016-04-28 17:28:00', 'ins Bett gelegt
', '2016-06-02 20:46:04.516343', '2016-06-02 20:46:04.516343')
  [1m[36mAREL (0.5ms)[0m  [1mINSERT INTO "raw_data" ("timestamp", "status", "created_at", "updated_at") VALUES ('2016-04-28 23:09:00', 'aufgewacht
', '2016-06-02 20:46:04.650738', '2016-06-02 20:46:04.650738')[0m
  [1m[35mAREL (0.3ms)[0m  INSERT INTO "raw_data" ("timestamp", "status", "created_at", "updated_at") VALUES ('2016-04-29 02:44:00', 'ins Bett gelegt
', '2016-06-02 20:46:04.810379', '2016-06-02 20:46:04.810379')
  [1m[36mAREL (0.3ms)[0m  [1mINSERT INTO "raw_data" ("timestamp", "status", "created_at", "updated_at") VALUES ('2016-04-29 03:35:00', 'noch wach
', '2016-06-02 20:46:04.946145', '2016-06-02 20:46:04.946145')[0m
  [1m[35mAREL (0.3ms)[0m  INSERT INTO "raw_data" ("timestamp", "status", "created_at", "updated_at") VALUES ('2016-04-29 18:30:00', 'Zopiclon
', '2016-06-02 20:46:05.072501', '2016-06-02 20:46:05.072501')
  [1m[36mAREL (0.3ms)[0m  [1mINSERT INTO "raw_data" ("timestamp", "status", "created_at", "updated_at") VALUES ('2016-04-29 19:12:00', 'noch wach
', '2016-06-02 20:46:05.181990', '2016-06-02 20:46:05.181990')[0m
  [1m[35mAREL (0.2ms)[0m  INSERT INTO "raw_data" ("timestamp", "status", "created_at", "updated_at") VALUES ('2016-04-30 01:00:00', 'aufgewacht
', '2016-06-02 20:46:05.324736', '2016-06-02 20:46:05.324736')
  [1m[36mAREL (0.3ms)[0m  [1mINSERT INTO "raw_data" ("timestamp", "status", "created_at", "updated_at") VALUES ('2016-04-29 18:32:00', 'ins Bett gelegt
', '2016-06-02 20:46:05.459317', '2016-06-02 20:46:05.459317')[0m
  [1m[35mAREL (0.2ms)[0m  INSERT INTO "raw_data" ("timestamp", "status", "created_at", "updated_at") VALUES ('2016-04-30 03:34:00', 'ins Bett gelegt
', '2016-06-02 20:46:05.610343', '2016-06-02 20:46:05.610343')
  [1m[36mAREL (0.2ms)[0m  [1mINSERT INTO "raw_data" ("timestamp", "status", "created_at", "updated_at") VALUES ('2016-04-30 04:19:00', 'noch wach
', '2016-06-02 20:46:05.753270', '2016-06-02 20:46:05.753270')[0m
  [1m[35mAREL (0.3ms)[0m  INSERT INTO "raw_data" ("timestamp", "status", "created_at", "updated_at") VALUES ('2016-05-01 00:00:00', 'ins Bett gelegt
', '2016-06-02 20:46:05.864015', '2016-06-02 20:46:05.864015')
  [1m[36mAREL (0.3ms)[0m  [1mINSERT INTO "raw_data" ("timestamp", "status", "created_at", "updated_at") VALUES ('2016-05-01 03:41:00', 'noch wach
', '2016-06-02 20:46:05.990322', '2016-06-02 20:46:05.990322')[0m
  [1m[35mAREL (0.2ms)[0m  INSERT INTO "raw_data" ("timestamp", "status", "created_at", "updated_at") VALUES ('2016-05-01 08:50:00', 'aufgewacht
', '2016-06-02 20:46:06.116470', '2016-06-02 20:46:06.116470')
  [1m[36mAREL (0.2ms)[0m  [1mINSERT INTO "raw_data" ("timestamp", "status", "created_at", "updated_at") VALUES ('2016-05-01 14:14:00', 'aufgestanden
', '2016-06-02 20:46:06.275849', '2016-06-02 20:46:06.275849')[0m
  [1m[35mAREL (0.3ms)[0m  INSERT INTO "raw_data" ("timestamp", "status", "created_at", "updated_at") VALUES ('2016-05-02 04:20:00', 'ins Bett gelegt
', '2016-06-02 20:46:06.418795', '2016-06-02 20:46:06.418795')
  [1m[36mAREL (0.2ms)[0m  [1mINSERT INTO "raw_data" ("timestamp", "status", "created_at", "updated_at") VALUES ('2016-05-02 06:30:00', 'noch wach
', '2016-06-02 20:46:06.528052', '2016-06-02 20:46:06.528052')[0m
  [1m[35mAREL (0.2ms)[0m  INSERT INTO "raw_data" ("timestamp", "status", "created_at", "updated_at") VALUES ('2016-05-02 11:02:00', 'aufgewacht
', '2016-06-02 20:46:06.654227', '2016-06-02 20:46:06.654227')
  [1m[36mAREL (0.3ms)[0m  [1mINSERT INTO "raw_data" ("timestamp", "status", "created_at", "updated_at") VALUES ('2016-05-02 13:30:00', 'aufgestanden
', '2016-06-02 20:46:06.781796', '2016-06-02 20:46:06.781796')[0m
  [1m[35mAREL (0.3ms)[0m  INSERT INTO "raw_data" ("timestamp", "status", "created_at", "updated_at") VALUES ('2016-05-03 03:12:00', 'ins Bett gelegt
', '2016-06-02 20:46:06.908114', '2016-06-02 20:46:06.908114')
  [1m[36mAREL (0.3ms)[0m  [1mINSERT INTO "raw_data" ("timestamp", "status", "created_at", "updated_at") VALUES ('2016-05-03 04:41:00', 'noch wach
', '2016-06-02 20:46:07.025811', '2016-06-02 20:46:07.025811')[0m
  [1m[35mAREL (0.3ms)[0m  INSERT INTO "raw_data" ("timestamp", "status", "created_at", "updated_at") VALUES ('2016-05-03 12:40:00', 'aufgewacht
', '2016-06-02 20:46:07.160120', '2016-06-02 20:46:07.160120')
  [1m[36mAREL (0.3ms)[0m  [1mINSERT INTO "raw_data" ("timestamp", "status", "created_at", "updated_at") VALUES ('2016-05-03 13:10:00', 'aufgestanden
', '2016-06-02 20:46:07.294678', '2016-06-02 20:46:07.294678')[0m
  [1m[35mAREL (0.3ms)[0m  INSERT INTO "raw_data" ("timestamp", "status", "created_at", "updated_at") VALUES ('2016-05-03 17:06:32', 'noch wach
', '2016-06-02 20:46:07.403994', '2016-06-02 20:46:07.403994')
  [1m[36mAREL (0.3ms)[0m  [1mINSERT INTO "raw_data" ("timestamp", "status", "created_at", "updated_at") VALUES ('2016-05-03 23:49:54', 'ins Bett gelegt
', '2016-06-02 20:46:07.530215', '2016-06-02 20:46:07.530215')[0m
  [1m[35mAREL (0.3ms)[0m  INSERT INTO "raw_data" ("timestamp", "status", "created_at", "updated_at") VALUES ('2016-05-04 00:18:36', 'noch wach
', '2016-06-02 20:46:07.657753', '2016-06-02 20:46:07.657753')
  [1m[36mAREL (0.3ms)[0m  [1mINSERT INTO "raw_data" ("timestamp", "status", "created_at", "updated_at") VALUES ('2016-05-04 00:18:56', 'noch wach
', '2016-06-02 20:46:07.800544', '2016-06-02 20:46:07.800544')[0m
  [1m[35mAREL (0.3ms)[0m  INSERT INTO "raw_data" ("timestamp", "status", "created_at", "updated_at") VALUES ('2016-05-04 00:51:03', 'noch wach
', '2016-06-02 20:46:07.943435', '2016-06-02 20:46:07.943435')
  [1m[36mAREL (0.3ms)[0m  [1mINSERT INTO "raw_data" ("timestamp", "status", "created_at", "updated_at") VALUES ('2016-05-04 01:16:39', 'noch wach
', '2016-06-02 20:46:08.069556', '2016-06-02 20:46:08.069556')[0m
  [1m[35mAREL (0.3ms)[0m  INSERT INTO "raw_data" ("timestamp", "status", "created_at", "updated_at") VALUES ('2016-05-04 01:38:05', 'aufgestanden
', '2016-06-02 20:46:08.187386', '2016-06-02 20:46:08.187386')
  [1m[36mAREL (0.3ms)[0m  [1mINSERT INTO "raw_data" ("timestamp", "status", "created_at", "updated_at") VALUES ('2016-05-04 02:37:27', 'ins Bett gelegt
', '2016-06-02 20:46:08.338660', '2016-06-02 20:46:08.338660')[0m
  [1m[35mAREL (0.3ms)[0m  INSERT INTO "raw_data" ("timestamp", "status", "created_at", "updated_at") VALUES ('2016-05-04 03:25:36', 'noch wach
', '2016-06-02 20:46:08.482816', '2016-06-02 20:46:08.482816')
  [1m[36mAREL (0.3ms)[0m  [1mINSERT INTO "raw_data" ("timestamp", "status", "created_at", "updated_at") VALUES ('2016-05-04 03:56:41', 'aufgestanden
', '2016-06-02 20:46:08.608989', '2016-06-02 20:46:08.608989')[0m
  [1m[35mAREL (0.3ms)[0m  INSERT INTO "raw_data" ("timestamp", "status", "created_at", "updated_at") VALUES ('2016-05-04 04:24:01', 'ins Bett gelegt
', '2016-06-02 20:46:08.735042', '2016-06-02 20:46:08.735042')
  [1m[36mAREL (0.2ms)[0m  [1mINSERT INTO "raw_data" ("timestamp", "status", "created_at", "updated_at") VALUES ('2016-05-04 11:00:10', 'aufgewacht
', '2016-06-02 20:46:08.852829', '2016-06-02 20:46:08.852829')[0m
  [1m[35mAREL (0.3ms)[0m  INSERT INTO "raw_data" ("timestamp", "status", "created_at", "updated_at") VALUES ('2016-05-04 12:17:39', 'aufgestanden
', '2016-06-02 20:46:08.970799', '2016-06-02 20:46:08.970799')
  [1m[36mAREL (0.3ms)[0m  [1mINSERT INTO "raw_data" ("timestamp", "status", "created_at", "updated_at") VALUES ('2016-05-05 06:51:14', 'ins Bett gelegt
', '2016-06-02 20:46:09.088598', '2016-06-02 20:46:09.088598')[0m
  [1m[35mAREL (0.3ms)[0m  INSERT INTO "raw_data" ("timestamp", "status", "created_at", "updated_at") VALUES ('2016-05-05 13:01:07', 'aufgewacht
', '2016-06-02 20:46:09.223040', '2016-06-02 20:46:09.223040')
  [1m[36mAREL (0.3ms)[0m  [1mINSERT INTO "raw_data" ("timestamp", "status", "created_at", "updated_at") VALUES ('2016-05-05 13:58:54', 'aufgestanden
', '2016-06-02 20:46:09.358808', '2016-06-02 20:46:09.358808')[0m
  [1m[35mAREL (0.3ms)[0m  INSERT INTO "raw_data" ("timestamp", "status", "created_at", "updated_at") VALUES ('2016-05-06 06:33:19', 'ins Bett gelegt
', '2016-06-02 20:46:09.484976', '2016-06-02 20:46:09.484976')
  [1m[36mAREL (0.2ms)[0m  [1mINSERT INTO "raw_data" ("timestamp", "status", "created_at", "updated_at") VALUES ('2016-05-06 07:16:26', 'noch wach
', '2016-06-02 20:46:09.602723', '2016-06-02 20:46:09.602723')[0m
  [1m[35mAREL (0.3ms)[0m  INSERT INTO "raw_data" ("timestamp", "status", "created_at", "updated_at") VALUES ('2016-05-07 05:57:57', 'ins Bett gelegt
', '2016-06-02 20:46:09.720620', '2016-06-02 20:46:09.720620')
  [1m[36mAREL (0.2ms)[0m  [1mINSERT INTO "raw_data" ("timestamp", "status", "created_at", "updated_at") VALUES ('2016-05-07 12:54:22', 'aufgewacht
', '2016-06-02 20:46:09.838276', '2016-06-02 20:46:09.838276')[0m
  [1m[35mAREL (0.2ms)[0m  INSERT INTO "raw_data" ("timestamp", "status", "created_at", "updated_at") VALUES ('2016-05-07 16:04:50', 'aufgestanden
', '2016-06-02 20:46:09.972874', '2016-06-02 20:46:09.972874')
  [1m[36mAREL (0.3ms)[0m  [1mINSERT INTO "raw_data" ("timestamp", "status", "created_at", "updated_at") VALUES ('2016-05-08 11:03:52', 'ins Bett gelegt
', '2016-06-02 20:46:10.107423', '2016-06-02 20:46:10.107423')[0m
  [1m[35mAREL (0.3ms)[0m  INSERT INTO "raw_data" ("timestamp", "status", "created_at", "updated_at") VALUES ('2016-05-08 17:27:12', 'aufgewacht
', '2016-06-02 20:46:10.243173', '2016-06-02 20:46:10.243173')
  [1m[36mAREL (0.3ms)[0m  [1mINSERT INTO "raw_data" ("timestamp", "status", "created_at", "updated_at") VALUES ('2016-05-08 17:43:22', 'aufgestanden
', '2016-06-02 20:46:10.369319', '2016-06-02 20:46:10.369319')[0m
  [1m[35mAREL (0.3ms)[0m  INSERT INTO "raw_data" ("timestamp", "status", "created_at", "updated_at") VALUES ('2016-05-09 02:10:11', 'ins Bett gelegt
', '2016-06-02 20:46:10.495459', '2016-06-02 20:46:10.495459')
  [1m[36mAREL (0.3ms)[0m  [1mINSERT INTO "raw_data" ("timestamp", "status", "created_at", "updated_at") VALUES ('2016-05-09 02:38:22', 'noch wach
', '2016-06-02 20:46:10.613323', '2016-06-02 20:46:10.613323')[0m
  [1m[35mAREL (0.3ms)[0m  INSERT INTO "raw_data" ("timestamp", "status", "created_at", "updated_at") VALUES ('2016-05-09 04:00:06', 'noch wach
', '2016-06-02 20:46:10.747845', '2016-06-02 20:46:10.747845')
  [1m[36mAREL (0.3ms)[0m  [1mINSERT INTO "raw_data" ("timestamp", "status", "created_at", "updated_at") VALUES ('2016-05-09 04:57:05', 'noch wach
', '2016-06-02 20:46:10.899013', '2016-06-02 20:46:10.899013')[0m
  [1m[35mAREL (0.3ms)[0m  INSERT INTO "raw_data" ("timestamp", "status", "created_at", "updated_at") VALUES ('2016-05-09 05:36:11', 'noch wach
', '2016-06-02 20:46:11.033499', '2016-06-02 20:46:11.033499')
  [1m[36mAREL (0.3ms)[0m  [1mINSERT INTO "raw_data" ("timestamp", "status", "created_at", "updated_at") VALUES ('2016-05-09 06:29:54', 'aufgestanden
', '2016-06-02 20:46:11.160955', '2016-06-02 20:46:11.160955')[0m
  [1m[35mAREL (0.3ms)[0m  INSERT INTO "raw_data" ("timestamp", "status", "created_at", "updated_at") VALUES ('2016-05-09 17:12:26', 'Zopiclon
', '2016-06-02 20:46:11.312163', '2016-06-02 20:46:11.312163')
  [1m[36mAREL (0.3ms)[0m  [1mINSERT INTO "raw_data" ("timestamp", "status", "created_at", "updated_at") VALUES ('2016-05-09 17:17:34', 'ins Bett gelegt
', '2016-06-02 20:46:11.438344', '2016-06-02 20:46:11.438344')[0m
  [1m[35mAREL (0.4ms)[0m  INSERT INTO "raw_data" ("timestamp", "status", "created_at", "updated_at") VALUES ('2016-05-09 23:07:05', 'aufgewacht
', '2016-06-02 20:46:11.556048', '2016-06-02 20:46:11.556048')
  [1m[36mAREL (0.3ms)[0m  [1mINSERT INTO "raw_data" ("timestamp", "status", "created_at", "updated_at") VALUES ('2016-05-09 23:16:37', 'aufgestanden
', '2016-06-02 20:46:11.682224', '2016-06-02 20:46:11.682224')[0m
  [1m[35mAREL (0.2ms)[0m  INSERT INTO "raw_data" ("timestamp", "status", "created_at", "updated_at") VALUES ('2016-05-10 01:32:06', 'ins Bett gelegt
', '2016-06-02 20:46:11.816643', '2016-06-02 20:46:11.816643')
  [1m[36mAREL (0.3ms)[0m  [1mINSERT INTO "raw_data" ("timestamp", "status", "created_at", "updated_at") VALUES ('2016-05-10 02:14:56', 'noch wach
', '2016-06-02 20:46:11.942929', '2016-06-02 20:46:11.942929')[0m
  [1m[35mAREL (0.2ms)[0m  INSERT INTO "raw_data" ("timestamp", "status", "created_at", "updated_at") VALUES ('2016-05-10 02:44:44', 'noch wach
', '2016-06-02 20:46:12.062140', '2016-06-02 20:46:12.062140')
  [1m[36mAREL (0.3ms)[0m  [1mINSERT INTO "raw_data" ("timestamp", "status", "created_at", "updated_at") VALUES ('2016-05-10 04:02:20', 'aufgewacht
', '2016-06-02 20:46:12.196810', '2016-06-02 20:46:12.196810')[0m
  [1m[35mAREL (0.2ms)[0m  INSERT INTO "raw_data" ("timestamp", "status", "created_at", "updated_at") VALUES ('2016-05-10 04:02:32', 'aufgewacht
', '2016-06-02 20:46:12.331201', '2016-06-02 20:46:12.331201')
  [1m[36mAREL (0.3ms)[0m  [1mINSERT INTO "raw_data" ("timestamp", "status", "created_at", "updated_at") VALUES ('2016-05-10 21:41:56', 'ins Bett gelegt
', '2016-06-02 20:46:12.457584', '2016-06-02 20:46:12.457584')[0m
  [1m[35mAREL (0.4ms)[0m  INSERT INTO "raw_data" ("timestamp", "status", "created_at", "updated_at") VALUES ('2016-05-11 01:25:35', 'aufgewacht
', '2016-06-02 20:46:12.591925', '2016-06-02 20:46:12.591925')
  [1m[36mAREL (0.3ms)[0m  [1mINSERT INTO "raw_data" ("timestamp", "status", "created_at", "updated_at") VALUES ('2016-05-11 05:05:55', 'noch wach
', '2016-06-02 20:46:12.705475', '2016-06-02 20:46:12.705475')[0m
  [1m[35mAREL (0.3ms)[0m  INSERT INTO "raw_data" ("timestamp", "status", "created_at", "updated_at") VALUES ('2016-05-11 21:37:58', 'ins Bett gelegt
', '2016-06-02 20:46:12.845525', '2016-06-02 20:46:12.845525')
  [1m[36mAREL (0.3ms)[0m  [1mINSERT INTO "raw_data" ("timestamp", "status", "created_at", "updated_at") VALUES ('2016-05-11 22:04:48', 'noch wach
', '2016-06-02 20:46:12.980074', '2016-06-02 20:46:12.980074')[0m
  [1m[35mAREL (0.3ms)[0m  INSERT INTO "raw_data" ("timestamp", "status", "created_at", "updated_at") VALUES ('2016-05-11 22:43:48', 'noch wach
', '2016-06-02 20:46:13.114548', '2016-06-02 20:46:13.114548')
  [1m[36mAREL (0.3ms)[0m  [1mINSERT INTO "raw_data" ("timestamp", "status", "created_at", "updated_at") VALUES ('2016-05-11 23:55:34', 'noch wach
', '2016-06-02 20:46:13.257380', '2016-06-02 20:46:13.257380')[0m
  [1m[35mAREL (0.3ms)[0m  INSERT INTO "raw_data" ("timestamp", "status", "created_at", "updated_at") VALUES ('2016-05-12 06:40:17', 'aufgewacht
', '2016-06-02 20:46:13.383430', '2016-06-02 20:46:13.383430')
  [1m[36mAREL (0.3ms)[0m  [1mINSERT INTO "raw_data" ("timestamp", "status", "created_at", "updated_at") VALUES ('2016-05-12 07:01:54', 'aufgestanden
', '2016-06-02 20:46:13.509576', '2016-06-02 20:46:13.509576')[0m
  [1m[35mAREL (0.3ms)[0m  INSERT INTO "raw_data" ("timestamp", "status", "created_at", "updated_at") VALUES ('2016-05-13 00:03:50', 'ins Bett gelegt
', '2016-06-02 20:46:13.627480', '2016-06-02 20:46:13.627480')
  [1m[36mAREL (0.3ms)[0m  [1mINSERT INTO "raw_data" ("timestamp", "status", "created_at", "updated_at") VALUES ('2016-05-13 01:33:58', 'noch wach
', '2016-06-02 20:46:13.888229', '2016-06-02 20:46:13.888229')[0m
  [1m[35mAREL (0.3ms)[0m  INSERT INTO "raw_data" ("timestamp", "status", "created_at", "updated_at") VALUES ('2016-05-13 06:58:21', 'aufgewacht
', '2016-06-02 20:46:14.055861', '2016-06-02 20:46:14.055861')
  [1m[36mAREL (0.2ms)[0m  [1mINSERT INTO "raw_data" ("timestamp", "status", "created_at", "updated_at") VALUES ('2016-05-13 06:58:27', 'aufgewacht
', '2016-06-02 20:46:14.190307', '2016-06-02 20:46:14.190307')[0m
  [1m[35mAREL (0.2ms)[0m  INSERT INTO "raw_data" ("timestamp", "status", "created_at", "updated_at") VALUES ('2016-05-13 07:47:16', 'aufgestanden
', '2016-06-02 20:46:14.341402', '2016-06-02 20:46:14.341402')
  [1m[36mAREL (0.3ms)[0m  [1mINSERT INTO "raw_data" ("timestamp", "status", "created_at", "updated_at") VALUES ('2016-05-13 22:25:46', 'ins Bett gelegt
', '2016-06-02 20:46:14.501635', '2016-06-02 20:46:14.501635')[0m
  [1m[35mAREL (0.3ms)[0m  INSERT INTO "raw_data" ("timestamp", "status", "created_at", "updated_at") VALUES ('2016-05-13 22:59:55', 'aufgestanden
', '2016-06-02 20:46:14.619525', '2016-06-02 20:46:14.619525')
  [1m[36mAREL (0.3ms)[0m  [1mINSERT INTO "raw_data" ("timestamp", "status", "created_at", "updated_at") VALUES ('2016-05-14 00:18:52', 'ins Bett gelegt
', '2016-06-02 20:46:14.755346', '2016-06-02 20:46:14.755346')[0m
  [1m[35mAREL (0.3ms)[0m  INSERT INTO "raw_data" ("timestamp", "status", "created_at", "updated_at") VALUES ('2016-05-14 07:54:25', 'aufgewacht
', '2016-06-02 20:46:14.881432', '2016-06-02 20:46:14.881432')
  [1m[36mAREL (0.3ms)[0m  [1mINSERT INTO "raw_data" ("timestamp", "status", "created_at", "updated_at") VALUES ('2016-05-14 09:21:56', 'aufgewacht
', '2016-06-02 20:46:15.016105', '2016-06-02 20:46:15.016105')[0m
  [1m[35mAREL (0.2ms)[0m  INSERT INTO "raw_data" ("timestamp", "status", "created_at", "updated_at") VALUES ('2016-05-14 11:49:23', 'aufgestanden
', '2016-06-02 20:46:15.167373', '2016-06-02 20:46:15.167373')
  [1m[36mAREL (0.2ms)[0m  [1mINSERT INTO "raw_data" ("timestamp", "status", "created_at", "updated_at") VALUES ('2016-05-15 08:02:04', 'ins Bett gelegt
', '2016-06-02 20:46:15.293361', '2016-06-02 20:46:15.293361')[0m
  [1m[35mAREL (0.3ms)[0m  INSERT INTO "raw_data" ("timestamp", "status", "created_at", "updated_at") VALUES ('2016-05-15 14:23:36', 'aufgewacht
', '2016-06-02 20:46:15.444617', '2016-06-02 20:46:15.444617')
  [1m[36mAREL (0.3ms)[0m  [1mINSERT INTO "raw_data" ("timestamp", "status", "created_at", "updated_at") VALUES ('2016-05-15 14:32:54', 'aufgestanden
', '2016-06-02 20:46:15.587463', '2016-06-02 20:46:15.587463')[0m
  [1m[35mAREL (0.3ms)[0m  INSERT INTO "raw_data" ("timestamp", "status", "created_at", "updated_at") VALUES ('2016-05-16 06:47:44', 'ins Bett gelegt
', '2016-06-02 20:46:15.723049', '2016-06-02 20:46:15.723049')
  [1m[36mAREL (0.3ms)[0m  [1mINSERT INTO "raw_data" ("timestamp", "status", "created_at", "updated_at") VALUES ('2016-05-16 15:33:21', 'aufgewacht
', '2016-06-02 20:46:15.865812', '2016-06-02 20:46:15.865812')[0m
  [1m[35mAREL (0.3ms)[0m  INSERT INTO "raw_data" ("timestamp", "status", "created_at", "updated_at") VALUES ('2016-05-16 15:46:15', 'aufgestanden
', '2016-06-02 20:46:16.008731', '2016-06-02 20:46:16.008731')
  [1m[36mAREL (0.2ms)[0m  [1mINSERT INTO "raw_data" ("timestamp", "status", "created_at", "updated_at") VALUES ('2016-05-17 05:53:33', 'ins Bett gelegt
', '2016-06-02 20:46:16.151500', '2016-06-02 20:46:16.151500')[0m
  [1m[35mAREL (0.3ms)[0m  INSERT INTO "raw_data" ("timestamp", "status", "created_at", "updated_at") VALUES ('2016-05-17 06:42:49', 'aufgestanden
', '2016-06-02 20:46:16.269172', '2016-06-02 20:46:16.269172')
  [1m[36mAREL (0.2ms)[0m  [1mINSERT INTO "raw_data" ("timestamp", "status", "created_at", "updated_at") VALUES ('2016-05-17 17:15:49', 'Zopiclon
', '2016-06-02 20:46:16.411973', '2016-06-02 20:46:16.411973')[0m
  [1m[35mAREL (0.3ms)[0m  INSERT INTO "raw_data" ("timestamp", "status", "created_at", "updated_at") VALUES ('2016-05-17 17:37:53', 'ins Bett gelegt
', '2016-06-02 20:46:16.554952', '2016-06-02 20:46:16.554952')
  [1m[36mAREL (0.2ms)[0m  [1mINSERT INTO "raw_data" ("timestamp", "status", "created_at", "updated_at") VALUES ('2016-05-17 21:49:01', 'aufgewacht
', '2016-06-02 20:46:16.690544', '2016-06-02 20:46:16.690544')[0m
  [1m[35mAREL (0.2ms)[0m  INSERT INTO "raw_data" ("timestamp", "status", "created_at", "updated_at") VALUES ('2016-05-18 05:44:22', 'aufgewacht
', '2016-06-02 20:46:16.808282', '2016-06-02 20:46:16.808282')
  [1m[36mAREL (0.3ms)[0m  [1mINSERT INTO "raw_data" ("timestamp", "status", "created_at", "updated_at") VALUES ('2016-05-18 06:13:01', 'aufgestanden
', '2016-06-02 20:46:16.926157', '2016-06-02 20:46:16.926157')[0m
  [1m[35mAREL (0.2ms)[0m  INSERT INTO "raw_data" ("timestamp", "status", "created_at", "updated_at") VALUES ('2016-05-19 00:37:11', 'ins Bett gelegt
', '2016-06-02 20:46:17.043734', '2016-06-02 20:46:17.043734')
  [1m[36mAREL (0.3ms)[0m  [1mINSERT INTO "raw_data" ("timestamp", "status", "created_at", "updated_at") VALUES ('2016-05-19 00:57:45', 'noch wach
', '2016-06-02 20:46:17.161600', '2016-06-02 20:46:17.161600')[0m
  [1m[35mAREL (0.3ms)[0m  INSERT INTO "raw_data" ("timestamp", "status", "created_at", "updated_at") VALUES ('2016-05-19 01:34:36', 'noch wach
', '2016-06-02 20:46:17.329575', '2016-06-02 20:46:17.329575')
  [1m[36mAREL (0.3ms)[0m  [1mINSERT INTO "raw_data" ("timestamp", "status", "created_at", "updated_at") VALUES ('2016-05-19 07:07:22', 'aufgewacht
', '2016-06-02 20:46:17.463773', '2016-06-02 20:46:17.463773')[0m
  [1m[35mAREL (0.4ms)[0m  INSERT INTO "raw_data" ("timestamp", "status", "created_at", "updated_at") VALUES ('2016-05-19 07:35:43', 'aufgestanden
', '2016-06-02 20:46:17.608051', '2016-06-02 20:46:17.608051')
  [1m[36mAREL (0.2ms)[0m  [1mINSERT INTO "raw_data" ("timestamp", "status", "created_at", "updated_at") VALUES ('2016-05-20 00:04:04', 'ins Bett gelegt
', '2016-06-02 20:46:17.751192', '2016-06-02 20:46:17.751192')[0m
  [1m[35mAREL (0.2ms)[0m  INSERT INTO "raw_data" ("timestamp", "status", "created_at", "updated_at") VALUES ('2016-05-20 01:19:40', 'noch wach
', '2016-06-02 20:46:17.877207', '2016-06-02 20:46:17.877207')
  [1m[36mAREL (0.3ms)[0m  [1mINSERT INTO "raw_data" ("timestamp", "status", "created_at", "updated_at") VALUES ('2016-05-20 02:30:44', 'noch wach
', '2016-06-02 20:46:18.020135', '2016-06-02 20:46:18.020135')[0m
  [1m[35mAREL (0.3ms)[0m  INSERT INTO "raw_data" ("timestamp", "status", "created_at", "updated_at") VALUES ('2016-05-20 07:38:29', 'aufgewacht
', '2016-06-02 20:46:18.179403', '2016-06-02 20:46:18.179403')
  [1m[36mAREL (0.3ms)[0m  [1mINSERT INTO "raw_data" ("timestamp", "status", "created_at", "updated_at") VALUES ('2016-05-21 03:09:32', 'ins Bett gelegt
', '2016-06-02 20:46:18.330561', '2016-06-02 20:46:18.330561')[0m
  [1m[35mAREL (0.2ms)[0m  INSERT INTO "raw_data" ("timestamp", "status", "created_at", "updated_at") VALUES ('2016-05-21 10:03:02', 'aufgewacht
', '2016-06-02 20:46:18.489964', '2016-06-02 20:46:18.489964')
  [1m[36mAREL (0.2ms)[0m  [1mINSERT INTO "raw_data" ("timestamp", "status", "created_at", "updated_at") VALUES ('2016-05-21 13:08:28', 'aufgewacht
', '2016-06-02 20:46:18.634056', '2016-06-02 20:46:18.634056')[0m
  [1m[35mAREL (0.3ms)[0m  INSERT INTO "raw_data" ("timestamp", "status", "created_at", "updated_at") VALUES ('2016-05-22 04:19:51', 'ins Bett gelegt
', '2016-06-02 20:46:18.760223', '2016-06-02 20:46:18.760223')
  [1m[36mAREL (0.3ms)[0m  [1mINSERT INTO "raw_data" ("timestamp", "status", "created_at", "updated_at") VALUES ('2016-05-22 09:48:13', 'aufgewacht
', '2016-06-02 20:46:18.919654', '2016-06-02 20:46:18.919654')[0m
  [1m[35mAREL (0.3ms)[0m  INSERT INTO "raw_data" ("timestamp", "status", "created_at", "updated_at") VALUES ('2016-05-22 09:48:18', 'aufgewacht
', '2016-06-02 20:46:19.070780', '2016-06-02 20:46:19.070780')
  [1m[36mAREL (0.3ms)[0m  [1mINSERT INTO "raw_data" ("timestamp", "status", "created_at", "updated_at") VALUES ('2016-05-22 13:54:04', 'aufgestanden
', '2016-06-02 20:46:19.238596', '2016-06-02 20:46:19.238596')[0m
  [1m[35mAREL (0.3ms)[0m  INSERT INTO "raw_data" ("timestamp", "status", "created_at", "updated_at") VALUES ('2016-05-23 04:32:35', 'ins Bett gelegt
', '2016-06-02 20:46:19.398088', '2016-06-02 20:46:19.398088')
  [1m[36mAREL (0.3ms)[0m  [1mINSERT INTO "raw_data" ("timestamp", "status", "created_at", "updated_at") VALUES ('2016-05-23 05:08:30', 'noch wach
', '2016-06-02 20:46:19.532428', '2016-06-02 20:46:19.532428')[0m
  [1m[35mAREL (0.2ms)[0m  INSERT INTO "raw_data" ("timestamp", "status", "created_at", "updated_at") VALUES ('2016-05-23 06:22:03', 'noch wach
', '2016-06-02 20:46:19.684815', '2016-06-02 20:46:19.684815')
  [1m[36mAREL (0.3ms)[0m  [1mINSERT INTO "raw_data" ("timestamp", "status", "created_at", "updated_at") VALUES ('2016-05-23 07:18:20', 'aufgestanden
', '2016-06-02 20:46:19.810907', '2016-06-02 20:46:19.810907')[0m
  [1m[35mAREL (0.3ms)[0m  INSERT INTO "raw_data" ("timestamp", "status", "created_at", "updated_at") VALUES ('2016-05-23 10:34:51', 'ins Bett gelegt
', '2016-06-02 20:46:19.953725', '2016-06-02 20:46:19.953725')
  [1m[36mAREL (0.3ms)[0m  [1mINSERT INTO "raw_data" ("timestamp", "status", "created_at", "updated_at") VALUES ('2016-05-23 15:24:22', 'aufgewacht
', '2016-06-02 20:46:20.129893', '2016-06-02 20:46:20.129893')[0m
  [1m[35mAREL (0.3ms)[0m  INSERT INTO "raw_data" ("timestamp", "status", "created_at", "updated_at") VALUES ('2016-05-23 21:55:40', 'Zopiclon
', '2016-06-02 20:46:20.314470', '2016-06-02 20:46:20.314470')
  [1m[36mAREL (0.2ms)[0m  [1mINSERT INTO "raw_data" ("timestamp", "status", "created_at", "updated_at") VALUES ('2016-05-24 03:32:22', 'aufgewacht
', '2016-06-02 20:46:20.465542', '2016-06-02 20:46:20.465542')[0m
  [1m[35mAREL (0.4ms)[0m  INSERT INTO "raw_data" ("timestamp", "status", "created_at", "updated_at") VALUES ('2016-05-24 03:42:20', 'ins Bett gelegt
', '2016-06-02 20:46:20.591921', '2016-06-02 20:46:20.591921')
  [1m[36mAREL (0.3ms)[0m  [1mINSERT INTO "raw_data" ("timestamp", "status", "created_at", "updated_at") VALUES ('2016-05-24 04:46:05', 'noch wach
', '2016-06-02 20:46:20.735948', '2016-06-02 20:46:20.735948')[0m
  [1m[35mAREL (0.3ms)[0m  INSERT INTO "raw_data" ("timestamp", "status", "created_at", "updated_at") VALUES ('2016-05-24 05:30:39', 'noch wach
', '2016-06-02 20:46:20.887249', '2016-06-02 20:46:20.887249')
  [1m[36mAREL (0.3ms)[0m  [1mINSERT INTO "raw_data" ("timestamp", "status", "created_at", "updated_at") VALUES ('2016-05-24 06:08:34', 'aufgestanden
', '2016-06-02 20:46:21.054865', '2016-06-02 20:46:21.054865')[0m
  [1m[35mAREL (0.2ms)[0m  INSERT INTO "raw_data" ("timestamp", "status", "created_at", "updated_at") VALUES ('2016-05-25 00:21:43', 'ins Bett gelegt
', '2016-06-02 20:46:21.206028', '2016-06-02 20:46:21.206028')
  [1m[36mAREL (0.3ms)[0m  [1mINSERT INTO "raw_data" ("timestamp", "status", "created_at", "updated_at") VALUES ('2016-05-25 02:34:11', 'aufgewacht
', '2016-06-02 20:46:21.357346', '2016-06-02 20:46:21.357346')[0m
  [1m[35mAREL (0.3ms)[0m  INSERT INTO "raw_data" ("timestamp", "status", "created_at", "updated_at") VALUES ('2016-05-25 02:34:17', 'ins Bett gelegt
', '2016-06-02 20:46:21.500170', '2016-06-02 20:46:21.500170')
  [1m[36mAREL (0.3ms)[0m  [1mINSERT INTO "raw_data" ("timestamp", "status", "created_at", "updated_at") VALUES ('2016-05-25 07:03:41', 'aufgewacht
', '2016-06-02 20:46:21.644289', '2016-06-02 20:46:21.644289')[0m
  [1m[35mAREL (0.2ms)[0m  INSERT INTO "raw_data" ("timestamp", "status", "created_at", "updated_at") VALUES ('2016-05-25 07:24:49', 'aufgestanden
', '2016-06-02 20:46:21.795313', '2016-06-02 20:46:21.795313')
  [1m[36mAREL (0.3ms)[0m  [1mINSERT INTO "raw_data" ("timestamp", "status", "created_at", "updated_at") VALUES ('2016-05-25 08:15:31', 'aufgestanden
', '2016-06-02 20:46:21.963325', '2016-06-02 20:46:21.963325')[0m
  [1m[35mAREL (0.3ms)[0m  INSERT INTO "raw_data" ("timestamp", "status", "created_at", "updated_at") VALUES ('2016-05-25 08:18:15', 'aufgestanden
', '2016-06-02 20:46:22.114366', '2016-06-02 20:46:22.114366')
  [1m[36mAREL (0.2ms)[0m  [1mINSERT INTO "raw_data" ("timestamp", "status", "created_at", "updated_at") VALUES ('2016-05-26 00:38:59', 'ins Bett gelegt
', '2016-06-02 20:46:22.257203', '2016-06-02 20:46:22.257203')[0m
  [1m[35mAREL (0.3ms)[0m  INSERT INTO "raw_data" ("timestamp", "status", "created_at", "updated_at") VALUES ('2016-05-26 02:18:04', 'noch wach
', '2016-06-02 20:46:22.383370', '2016-06-02 20:46:22.383370')
  [1m[36mAREL (0.2ms)[0m  [1mINSERT INTO "raw_data" ("timestamp", "status", "created_at", "updated_at") VALUES ('2016-05-26 07:20:11', 'aufgewacht
', '2016-06-02 20:46:22.526127', '2016-06-02 20:46:22.526127')[0m
  [1m[35mAREL (0.2ms)[0m  INSERT INTO "raw_data" ("timestamp", "status", "created_at", "updated_at") VALUES ('2016-05-27 01:12:01', 'ins Bett gelegt
', '2016-06-02 20:46:22.678559', '2016-06-02 20:46:22.678559')
  [1m[36mAREL (0.3ms)[0m  [1mINSERT INTO "raw_data" ("timestamp", "status", "created_at", "updated_at") VALUES ('2016-05-27 07:48:55', 'aufgewacht
', '2016-06-02 20:46:22.846518', '2016-06-02 20:46:22.846518')[0m
  [1m[35mAREL (0.3ms)[0m  INSERT INTO "raw_data" ("timestamp", "status", "created_at", "updated_at") VALUES ('2016-05-27 07:50:43', 'noch wach
', '2016-06-02 20:46:22.989268', '2016-06-02 20:46:22.989268')
  [1m[36mAREL (0.3ms)[0m  [1mINSERT INTO "raw_data" ("timestamp", "status", "created_at", "updated_at") VALUES ('2016-05-27 08:41:03', 'aufgestanden
', '2016-06-02 20:46:23.132047', '2016-06-02 20:46:23.132047')[0m
  [1m[35mAREL (0.3ms)[0m  INSERT INTO "raw_data" ("timestamp", "status", "created_at", "updated_at") VALUES ('2016-05-28 00:13:58', 'ins Bett gelegt
', '2016-06-02 20:46:23.291585', '2016-06-02 20:46:23.291585')
  [1m[36mAREL (0.3ms)[0m  [1mINSERT INTO "raw_data" ("timestamp", "status", "created_at", "updated_at") VALUES ('2016-05-28 08:52:58', 'aufgewacht
', '2016-06-02 20:46:23.434657', '2016-06-02 20:46:23.434657')[0m
  [1m[35mAREL (0.4ms)[0m  INSERT INTO "raw_data" ("timestamp", "status", "created_at", "updated_at") VALUES ('2016-05-29 02:01:45', 'ins Bett gelegt
', '2016-06-02 20:46:23.569175', '2016-06-02 20:46:23.569175')
  [1m[36mAREL (0.3ms)[0m  [1mINSERT INTO "raw_data" ("timestamp", "status", "created_at", "updated_at") VALUES ('2016-05-29 02:39:50', 'noch wach
', '2016-06-02 20:46:23.738337', '2016-06-02 20:46:23.738337')[0m
  [1m[35mAREL (0.3ms)[0m  INSERT INTO "raw_data" ("timestamp", "status", "created_at", "updated_at") VALUES ('2016-05-29 03:47:30', 'noch wach
', '2016-06-02 20:46:23.889479', '2016-06-02 20:46:23.889479')
  [1m[36mAREL (0.3ms)[0m  [1mINSERT INTO "raw_data" ("timestamp", "status", "created_at", "updated_at") VALUES ('2016-05-29 08:17:55', 'aufgewacht
', '2016-06-02 20:46:24.015544', '2016-06-02 20:46:24.015544')[0m
  [1m[35mAREL (0.3ms)[0m  INSERT INTO "raw_data" ("timestamp", "status", "created_at", "updated_at") VALUES ('2016-05-29 08:17:58', 'ins Bett gelegt
', '2016-06-02 20:46:24.158305', '2016-06-02 20:46:24.158305')
  [1m[36mAREL (0.3ms)[0m  [1mINSERT INTO "raw_data" ("timestamp", "status", "created_at", "updated_at") VALUES ('2016-05-29 11:30:15', 'aufgestanden
', '2016-06-02 20:46:24.301253', '2016-06-02 20:46:24.301253')[0m


Started GET "/raw_data" for 127.0.0.1 at 2016-06-02 22:46:28 +0200
  Processing by RawDataController#index as HTML
  [1m[36mRawDatum Load (3.2ms)[0m  [1mSELECT "raw_data".* FROM "raw_data"[0m
Rendered raw_data/index.html.erb within layouts/application (204.7ms)
Completed 200 OK in 218ms (Views: 208.5ms | ActiveRecord: 3.2ms)


Started GET "/raw_data" for 127.0.0.1 at 2016-06-02 22:52:20 +0200
  Processing by RawDataController#index as HTML
  [1m[35mRawDatum Load (3.9ms)[0m  SELECT "raw_data".* FROM "raw_data" ORDER BY raw_data.timestamp DESC
Rendered raw_data/index.html.erb within layouts/application (272.7ms)
Completed 200 OK in 292ms (Views: 277.8ms | ActiveRecord: 3.9ms)


Started GET "/raw_data" for 127.0.0.1 at 2016-06-02 22:53:23 +0200
  Processing by RawDataController#index as HTML
  [1m[36mRawDatum Load (3.5ms)[0m  [1mSELECT "raw_data".* FROM "raw_data" ORDER BY raw_data.timestamp DESC[0m
Rendered raw_data/index.html.erb within layouts/application (196.1ms)
Completed 200 OK in 211ms (Views: 199.7ms | ActiveRecord: 3.5ms)


Started GET "/raw_data/new" for 127.0.0.1 at 2016-06-02 22:53:38 +0200
  Processing by RawDataController#new as HTML
Rendered raw_data/_form.html.erb (13.3ms)
Rendered raw_data/new.html.erb within layouts/application (17.5ms)
Completed 200 OK in 29ms (Views: 21.5ms | ActiveRecord: 0.0ms)
DEPRECATION WARNING: config.action_view.debug_rjs will be removed in 3.1, from 3.1 onwards you will need to install prototype-rails to continue to use RJS templates . (called from <top (required)> at /home/rynnon/workspace-ruby/sleepdata/config/environment.rb:5)
  [1m[36mSQL (0.4ms)[0m  [1m SELECT name
 FROM sqlite_master
 WHERE type = 'table' AND NOT name = 'sqlite_sequence'
[0m
  [1m[35mSQL (0.1ms)[0m   SELECT name
 FROM sqlite_master
 WHERE type = 'table' AND NOT name = 'sqlite_sequence'
  [1m[36mSQL (0.1ms)[0m  [1mSELECT "schema_migrations"."version" FROM "schema_migrations"[0m
Migrating to CreateRawData (20160602192809)
Migrating to DropTableSleepdata (20160602193328)
  [1m[35mSQL (0.3ms)[0m  select sqlite_version(*)
  [1m[36mSQL (0.1ms)[0m  [1m SELECT name
 FROM sqlite_master
 WHERE type = 'table' AND NOT name = 'sqlite_sequence'
[0m
  [1m[35mSQL (0.1ms)[0m  SELECT "schema_migrations"."version" FROM "schema_migrations"
  [1m[36mSQL (0.1ms)[0m  [1m SELECT name
 FROM sqlite_master
 WHERE type = 'table' AND NOT name = 'sqlite_sequence'
[0m
  [1m[35mSQL (0.1ms)[0m  PRAGMA index_list("raw_data")


Started GET "/raw_data" for 127.0.0.1 at 2016-06-02 22:54:06 +0200
  Processing by RawDataController#index as HTML
  [1m[35mRawDatum Load (3.3ms)[0m  SELECT "raw_data".* FROM "raw_data" ORDER BY raw_data.timestamp DESC
Rendered raw_data/index.html.erb within layouts/application (198.8ms)
Completed 200 OK in 213ms (Views: 202.7ms | ActiveRecord: 3.3ms)


Started GET "/raw_data" for 127.0.0.1 at 2016-06-02 22:58:25 +0200
  Processing by RawDataController#index as HTML
  [1m[36mRawDatum Load (4.8ms)[0m  [1mSELECT "raw_data".* FROM "raw_data" ORDER BY raw_data.timestamp DESC[0m
Rendered raw_data/index.html.erb within layouts/application (228.6ms)
Completed 200 OK in 249ms (Views: 234.5ms | ActiveRecord: 4.8ms)
